[
  {
    "Plan": {
      "Node Type": "ModifyTable",
      "Operation": "Update",
      "Parallel Aware": false,
      "Async Capable": false,
      "Relation Name": "tracks",
      "Schema": "public",
      "Alias": "tracks",
      "Startup Cost": 0.00,
      "Total Cost": 16020.00,
      "Plan Rows": 0,
      "Plan Width": 0,
      "Actual Startup Time": 1338.203,
      "Actual Total Time": 1338.204,
      "Actual Rows": 0,
      "Actual Loops": 1,
      "Shared Hit Blocks": 472015,
      "Shared Read Blocks": 9829,
      "Shared Dirtied Blocks": 6339,
      "Shared Written Blocks": 1049,
      "Local Hit Blocks": 0,
      "Local Read Blocks": 0,
      "Local Dirtied Blocks": 0,
      "Local Written Blocks": 0,
      "Temp Read Blocks": 0,
      "Temp Written Blocks": 0,
      "WAL Records": 176983,
      "WAL FPI": 5301,
      "WAL Bytes": 50467475,
      "Plans": [
        {
          "Node Type": "Seq Scan",
          "Parent Relationship": "Outer",
          "Parallel Aware": false,
          "Async Capable": false,
          "Relation Name": "tracks",
          "Schema": "public",
          "Alias": "tracks",
          "Startup Cost": 0.00,
          "Total Cost": 16020.00,
          "Plan Rows": 58120,
          "Plan Width": 10,
          "Actual Startup Time": 9.655,
          "Actual Total Time": 235.577,
          "Actual Rows": 58603,
          "Actual Loops": 1,
          "Output": ["LEAST((popularity + 5), 100)", "ctid"],
          "Filter": "(tracks.decade = '1980s'::text)",
          "Rows Removed by Filter": 528069,
          "Shared Hit Blocks": 2695,
          "Shared Read Blocks": 5701,
          "Shared Dirtied Blocks": 0,
          "Shared Written Blocks": 16,
          "Local Hit Blocks": 0,
          "Local Read Blocks": 0,
          "Local Dirtied Blocks": 0,
          "Local Written Blocks": 0,
          "Temp Read Blocks": 0,
          "Temp Written Blocks": 0,
          "WAL Records": 0,
          "WAL FPI": 0,
          "WAL Bytes": 0
        }
      ]
    },
    "Planning": {
      "Shared Hit Blocks": 63,
      "Shared Read Blocks": 0,
      "Shared Dirtied Blocks": 0,
      "Shared Written Blocks": 0,
      "Local Hit Blocks": 0,
      "Local Read Blocks": 0,
      "Local Dirtied Blocks": 0,
      "Local Written Blocks": 0,
      "Temp Read Blocks": 0,
      "Temp Written Blocks": 0
    },
    "Planning Time": 0.845,
    "Triggers": [
    ],
    "Execution Time": 1341.025
  }
]