[
  {
    "Plan": {
      "Node Type": "Aggregate",
      "Strategy": "Sorted",
      "Partial Mode": "Finalize",
      "Parallel Aware": false,
      "Async Capable": false,
      "Startup Cost": 13675.66,
      "Total Cost": 13688.06,
      "Plan Rows": 48,
      "Plan Width": 17,
      "Actual Startup Time": 75.145,
      "Actual Total Time": 76.429,
      "Actual Rows": 49,
      "Actual Loops": 1,
      "Output": ["decade", "mood_cluster", "count(*)"],
      "Group Key": ["tracks.decade", "tracks.mood_cluster"],
      "Shared Hit Blocks": 8327,
      "Shared Read Blocks": 85,
      "Shared Dirtied Blocks": 0,
      "Shared Written Blocks": 0,
      "Local Hit Blocks": 0,
      "Local Read Blocks": 0,
      "Local Dirtied Blocks": 0,
      "Local Written Blocks": 0,
      "Temp Read Blocks": 0,
      "Temp Written Blocks": 0,
      "WAL Records": 0,
      "WAL FPI": 0,
      "WAL Bytes": 0,
      "Plans": [
        {
          "Node Type": "Gather Merge",
          "Parent Relationship": "Outer",
          "Parallel Aware": false,
          "Async Capable": false,
          "Startup Cost": 13675.66,
          "Total Cost": 13686.86,
          "Plan Rows": 96,
          "Plan Width": 17,
          "Actual Startup Time": 75.139,
          "Actual Total Time": 76.403,
          "Actual Rows": 145,
          "Actual Loops": 1,
          "Output": ["decade", "mood_cluster", "(PARTIAL count(*))"],
          "Workers Planned": 2,
          "Workers Launched": 2,
          "Shared Hit Blocks": 8327,
          "Shared Read Blocks": 85,
          "Shared Dirtied Blocks": 0,
          "Shared Written Blocks": 0,
          "Local Hit Blocks": 0,
          "Local Read Blocks": 0,
          "Local Dirtied Blocks": 0,
          "Local Written Blocks": 0,
          "Temp Read Blocks": 0,
          "Temp Written Blocks": 0,
          "WAL Records": 0,
          "WAL FPI": 0,
          "WAL Bytes": 0,
          "Plans": [
            {
              "Node Type": "Sort",
              "Parent Relationship": "Outer",
              "Parallel Aware": false,
              "Async Capable": false,
              "Startup Cost": 12675.64,
              "Total Cost": 12675.76,
              "Plan Rows": 48,
              "Plan Width": 17,
              "Actual Startup Time": 67.902,
              "Actual Total Time": 67.904,
              "Actual Rows": 48,
              "Actual Loops": 3,
              "Output": ["decade", "mood_cluster", "(PARTIAL count(*))"],
              "Sort Key": ["tracks.decade", "tracks.mood_cluster"],
              "Sort Method": "quicksort",
              "Sort Space Used": 27,
              "Sort Space Type": "Memory",
              "Shared Hit Blocks": 8327,
              "Shared Read Blocks": 85,
              "Shared Dirtied Blocks": 0,
              "Shared Written Blocks": 0,
              "Local Hit Blocks": 0,
              "Local Read Blocks": 0,
              "Local Dirtied Blocks": 0,
              "Local Written Blocks": 0,
              "Temp Read Blocks": 0,
              "Temp Written Blocks": 0,
              "WAL Records": 0,
              "WAL FPI": 0,
              "WAL Bytes": 0,
              "Workers": [
                {
                  "Worker Number": 0,
                  "Actual Startup Time": 64.478,
                  "Actual Total Time": 64.480,
                  "Actual Rows": 49,
                  "Actual Loops": 1,
                  "Sort Method": "quicksort",
                  "Sort Space Used": 28,
                  "Sort Space Type": "Memory",
                  "Shared Hit Blocks": 2671,
                  "Shared Read Blocks": 21,
                  "Shared Dirtied Blocks": 0,
                  "Shared Written Blocks": 0,
                  "Local Hit Blocks": 0,
                  "Local Read Blocks": 0,
                  "Local Dirtied Blocks": 0,
                  "Local Written Blocks": 0,
                  "Temp Read Blocks": 0,
                  "Temp Written Blocks": 0,
                  "WAL Records": 0,
                  "WAL FPI": 0,
                  "WAL Bytes": 0
                },
                {
                  "Worker Number": 1,
                  "Actual Startup Time": 64.496,
                  "Actual Total Time": 64.497,
                  "Actual Rows": 48,
                  "Actual Loops": 1,
                  "Sort Method": "quicksort",
                  "Sort Space Used": 27,
                  "Sort Space Type": "Memory",
                  "Shared Hit Blocks": 2688,
                  "Shared Read Blocks": 15,
                  "Shared Dirtied Blocks": 0,
                  "Shared Written Blocks": 0,
                  "Local Hit Blocks": 0,
                  "Local Read Blocks": 0,
                  "Local Dirtied Blocks": 0,
                  "Local Written Blocks": 0,
                  "Temp Read Blocks": 0,
                  "Temp Written Blocks": 0,
                  "WAL Records": 0,
                  "WAL FPI": 0,
                  "WAL Bytes": 0
                }
              ],
              "Plans": [
                {
                  "Node Type": "Aggregate",
                  "Strategy": "Hashed",
                  "Partial Mode": "Partial",
                  "Parent Relationship": "Outer",
                  "Parallel Aware": false,
                  "Async Capable": false,
                  "Startup Cost": 12673.82,
                  "Total Cost": 12674.30,
                  "Plan Rows": 48,
                  "Plan Width": 17,
                  "Actual Startup Time": 67.854,
                  "Actual Total Time": 67.858,
                  "Actual Rows": 48,
                  "Actual Loops": 3,
                  "Output": ["decade", "mood_cluster", "PARTIAL count(*)"],
                  "Group Key": ["tracks.decade", "tracks.mood_cluster"],
                  "Planned Partitions": 0,
                  "HashAgg Batches": 1,
                  "Peak Memory Usage": 24,
                  "Disk Usage": 0,
                  "Shared Hit Blocks": 8311,
                  "Shared Read Blocks": 85,
                  "Shared Dirtied Blocks": 0,
                  "Shared Written Blocks": 0,
                  "Local Hit Blocks": 0,
                  "Local Read Blocks": 0,
                  "Local Dirtied Blocks": 0,
                  "Local Written Blocks": 0,
                  "Temp Read Blocks": 0,
                  "Temp Written Blocks": 0,
                  "WAL Records": 0,
                  "WAL FPI": 0,
                  "WAL Bytes": 0,
                  "Workers": [
                    {
                      "Worker Number": 0,
                      "Actual Startup Time": 64.422,
                      "Actual Total Time": 64.425,
                      "Actual Rows": 49,
                      "Actual Loops": 1,
                      "HashAgg Batches": 1,
                      "Peak Memory Usage": 24,
                      "Disk Usage": 0,
                      "Shared Hit Blocks": 2663,
                      "Shared Read Blocks": 21,
                      "Shared Dirtied Blocks": 0,
                      "Shared Written Blocks": 0,
                      "Local Hit Blocks": 0,
                      "Local Read Blocks": 0,
                      "Local Dirtied Blocks": 0,
                      "Local Written Blocks": 0,
                      "Temp Read Blocks": 0,
                      "Temp Written Blocks": 0,
                      "WAL Records": 0,
                      "WAL FPI": 0,
                      "WAL Bytes": 0
                    },
                    {
                      "Worker Number": 1,
                      "Actual Startup Time": 64.435,
                      "Actual Total Time": 64.439,
                      "Actual Rows": 48,
                      "Actual Loops": 1,
                      "HashAgg Batches": 1,
                      "Peak Memory Usage": 24,
                      "Disk Usage": 0,
                      "Shared Hit Blocks": 2680,
                      "Shared Read Blocks": 15,
                      "Shared Dirtied Blocks": 0,
                      "Shared Written Blocks": 0,
                      "Local Hit Blocks": 0,
                      "Local Read Blocks": 0,
                      "Local Dirtied Blocks": 0,
                      "Local Written Blocks": 0,
                      "Temp Read Blocks": 0,
                      "Temp Written Blocks": 0,
                      "WAL Records": 0,
                      "WAL FPI": 0,
                      "WAL Bytes": 0
                    }
                  ],
                  "Plans": [
                    {
                      "Node Type": "Seq Scan",
                      "Parent Relationship": "Outer",
                      "Parallel Aware": true,
                      "Async Capable": false,
                      "Relation Name": "tracks",
                      "Schema": "public",
                      "Alias": "tracks",
                      "Startup Cost": 0.00,
                      "Total Cost": 10840.47,
                      "Plan Rows": 244447,
                      "Plan Width": 9,
                      "Actual Startup Time": 0.011,
                      "Actual Total Time": 13.762,
                      "Actual Rows": 195557,
                      "Actual Loops": 3,
                      "Output": ["id", "name", "popularity", "explicit", "duration_ms", "release_date", "year", "decade", "tempo_class", "mood_cluster"],
                      "Shared Hit Blocks": 8311,
                      "Shared Read Blocks": 85,
                      "Shared Dirtied Blocks": 0,
                      "Shared Written Blocks": 0,
                      "Local Hit Blocks": 0,
                      "Local Read Blocks": 0,
                      "Local Dirtied Blocks": 0,
                      "Local Written Blocks": 0,
                      "Temp Read Blocks": 0,
                      "Temp Written Blocks": 0,
                      "WAL Records": 0,
                      "WAL FPI": 0,
                      "WAL Bytes": 0,
                      "Workers": [
                        {
                          "Worker Number": 0,
                          "Actual Startup Time": 0.012,
                          "Actual Total Time": 13.630,
                          "Actual Rows": 187525,
                          "Actual Loops": 1,
                          "Shared Hit Blocks": 2663,
                          "Shared Read Blocks": 21,
                          "Shared Dirtied Blocks": 0,
                          "Shared Written Blocks": 0,
                          "Local Hit Blocks": 0,
                          "Local Read Blocks": 0,
                          "Local Dirtied Blocks": 0,
                          "Local Written Blocks": 0,
                          "Temp Read Blocks": 0,
                          "Temp Written Blocks": 0,
                          "WAL Records": 0,
                          "WAL FPI": 0,
                          "WAL Bytes": 0
                        },
                        {
                          "Worker Number": 1,
                          "Actual Startup Time": 0.011,
                          "Actual Total Time": 13.518,
                          "Actual Rows": 188291,
                          "Actual Loops": 1,
                          "Shared Hit Blocks": 2680,
                          "Shared Read Blocks": 15,
                          "Shared Dirtied Blocks": 0,
                          "Shared Written Blocks": 0,
                          "Local Hit Blocks": 0,
                          "Local Read Blocks": 0,
                          "Local Dirtied Blocks": 0,
                          "Local Written Blocks": 0,
                          "Temp Read Blocks": 0,
                          "Temp Written Blocks": 0,
                          "WAL Records": 0,
                          "WAL FPI": 0,
                          "WAL Bytes": 0
                        }
                      ]
                    }
                  ]
                }
              ]
            }
          ]
        }
      ]
    },
    "Planning": {
      "Shared Hit Blocks": 5,
      "Shared Read Blocks": 0,
      "Shared Dirtied Blocks": 0,
      "Shared Written Blocks": 0,
      "Local Hit Blocks": 0,
      "Local Read Blocks": 0,
      "Local Dirtied Blocks": 0,
      "Local Written Blocks": 0,
      "Temp Read Blocks": 0,
      "Temp Written Blocks": 0
    },
    "Planning Time": 0.333,
    "Triggers": [
    ],
    "Execution Time": 76.514
  }
]