QUERY PLAN                                                                                                                             |
---------------------------------------------------------------------------------------------------------------------------------------+
Sort  (cost=119634.17..119696.66 rows=24993 width=31) (actual time=463.219..467.966 rows=98504 loops=1)                                |
  Sort Key: (count(DISTINCT track_id)) DESC                                                                                            |
  Sort Method: external merge  Disk: 4056kB                                                                                            |
  ->  GroupAggregate  (cost=111879.83..117808.53 rows=24993 width=31) (actual time=274.645..449.028 rows=98504 loops=1)                |
        Group Key: artist_id                                                                                                           |
        ->  Sort  (cost=111879.83..113772.75 rows=757170 width=46) (actual time=274.628..314.378 rows=757170 loops=1)                  |
              Sort Key: artist_id                                                                                                      |
              Sort Method: external merge  Disk: 41504kB                                                                               |
              ->  Seq Scan on track_artists  (cost=0.00..14648.70 rows=757170 width=46) (actual time=0.016..54.321 rows=757170 loops=1)|
Planning Time: 0.110 ms                                                                                                                |
Execution Time: 481.764 ms                                                                                                             |