[
  {
    "Plan": {
      "Node Type": "ModifyTable",
      "Operation": "Delete",
      "Parallel Aware": false,
      "Async Capable": false,
      "Relation Name": "tracks",
      "Schema": "public",
      "Alias": "tracks",
      "Startup Cost": 0.00,
      "Total Cost": 17312.46,
      "Plan Rows": 0,
      "Plan Width": 0,
      "Actual Startup Time": 1889.935,
      "Actual Total Time": 1889.940,
      "Actual Rows": 0,
      "Actual Loops": 1,
      "Shared Hit Blocks": 394750,
      "Shared Read Blocks": 6605,
      "Shared Dirtied Blocks": 9242,
      "Shared Written Blocks": 0,
      "Local Hit Blocks": 0,
      "Local Read Blocks": 0,
      "Local Dirtied Blocks": 0,
      "Local Written Blocks": 0,
      "Temp Read Blocks": 0,
      "Temp Written Blocks": 0,
      "I/O Read Time": 202.569,
      "I/O Write Time": 0.000,
      "Temp I/O Read Time": 0.000,
      "Temp I/O Write Time": 0.000,
      "WAL Records": 193875,
      "WAL FPI": 9241,
      "WAL Bytes": 79182803,
      "Plans": [
        {
          "Node Type": "Seq Scan",
          "Parent Relationship": "Outer",
          "Parallel Aware": false,
          "Async Capable": false,
          "Relation Name": "tracks",
          "Schema": "public",
          "Alias": "tracks",
          "Startup Cost": 0.00,
          "Total Cost": 17312.46,
          "Plan Rows": 211042,
          "Plan Width": 6,
          "Actual Startup Time": 0.036,
          "Actual Total Time": 455.772,
          "Actual Rows": 192531,
          "Actual Loops": 1,
          "Output": ["ctid"],
          "Filter": "(tracks.tempo_class = 'fast'::text)",
          "Rows Removed by Filter": 394141,
          "Shared Hit Blocks": 2636,
          "Shared Read Blocks": 6605,
          "Shared Dirtied Blocks": 2194,
          "Shared Written Blocks": 0,
          "Local Hit Blocks": 0,
          "Local Read Blocks": 0,
          "Local Dirtied Blocks": 0,
          "Local Written Blocks": 0,
          "Temp Read Blocks": 0,
          "Temp Written Blocks": 0,
          "I/O Read Time": 202.569,
          "I/O Write Time": 0.000,
          "Temp I/O Read Time": 0.000,
          "Temp I/O Write Time": 0.000,
          "WAL Records": 1344,
          "WAL FPI": 1344,
          "WAL Bytes": 4409672
        }
      ]
    },
    "Planning": {
      "Shared Hit Blocks": 63,
      "Shared Read Blocks": 0,
      "Shared Dirtied Blocks": 0,
      "Shared Written Blocks": 0,
      "Local Hit Blocks": 0,
      "Local Read Blocks": 0,
      "Local Dirtied Blocks": 0,
      "Local Written Blocks": 0,
      "Temp Read Blocks": 0,
      "Temp Written Blocks": 0,
      "I/O Read Time": 0.000,
      "I/O Write Time": 0.000,
      "Temp I/O Read Time": 0.000,
      "Temp I/O Write Time": 0.000
    },
    "Planning Time": 0.713,
    "Triggers": [
      {
        "Trigger Name": "RI_ConstraintTrigger_a_16411",
        "Constraint Name": "audio_features_track_id_fkey",
        "Relation": "tracks",
        "Time": 2626.012,
        "Calls": 192531
      },
      {
        "Trigger Name": "RI_ConstraintTrigger_a_16430",
        "Constraint Name": "track_artists_track_id_fkey",
        "Relation": "tracks",
        "Time": 2685.280,
        "Calls": 192531
      }
    ],
    "Execution Time": 7213.899
  }
]