[
  {
    "Plan": {
      "Node Type": "Subquery Scan",
      "Parallel Aware": false,
      "Async Capable": false,
      "Alias": "ranked",
      "Startup Cost": 0.42,
      "Total Cost": 60456.20,
      "Plan Rows": 586672,
      "Plan Width": 53,
      "Actual Startup Time": 0.054,
      "Actual Total Time": 142.310,
      "Actual Rows": 61,
      "Actual Loops": 1,
      "Output": ["ranked.id", "ranked.name", "ranked.popularity", "ranked.decade"],
      "Shared Hit Blocks": 182663,
      "Shared Read Blocks": 0,
      "Shared Dirtied Blocks": 0,
      "Shared Written Blocks": 0,
      "Local Hit Blocks": 0,
      "Local Read Blocks": 0,
      "Local Dirtied Blocks": 0,
      "Local Written Blocks": 0,
      "Temp Read Blocks": 0,
      "Temp Written Blocks": 0,
      "WAL Records": 0,
      "WAL FPI": 0,
      "WAL Bytes": 0,
      "Plans": [
        {
          "Node Type": "WindowAgg",
          "Parent Relationship": "Subquery",
          "Parallel Aware": false,
          "Async Capable": false,
          "Startup Cost": 0.42,
          "Total Cost": 54589.48,
          "Plan Rows": 586672,
          "Plan Width": 138,
          "Actual Startup Time": 0.052,
          "Actual Total Time": 142.302,
          "Actual Rows": 61,
          "Actual Loops": 1,
          "Output": ["t.id", "t.name", "t.popularity", "NULL::boolean", "NULL::integer", "NULL::date", "NULL::integer", "t.decade", "NULL::text", "NULL::text", "row_number() OVER (?)"],
          "Run Condition": "(row_number() OVER (?) <= 5)",
          "Shared Hit Blocks": 182663,
          "Shared Read Blocks": 0,
          "Shared Dirtied Blocks": 0,
          "Shared Written Blocks": 0,
          "Local Hit Blocks": 0,
          "Local Read Blocks": 0,
          "Local Dirtied Blocks": 0,
          "Local Written Blocks": 0,
          "Temp Read Blocks": 0,
          "Temp Written Blocks": 0,
          "WAL Records": 0,
          "WAL FPI": 0,
          "WAL Bytes": 0,
          "Plans": [
            {
              "Node Type": "Index Scan",
              "Parent Relationship": "Outer",
              "Parallel Aware": false,
              "Async Capable": false,
              "Scan Direction": "Forward",
              "Index Name": "idx_tracks_decade_popularity_desc",
              "Relation Name": "tracks",
              "Schema": "public",
              "Alias": "t",
              "Startup Cost": 0.42,
              "Total Cost": 44322.72,
              "Plan Rows": 586672,
              "Plan Width": 53,
              "Actual Startup Time": 0.033,
              "Actual Total Time": 112.726,
              "Actual Rows": 586672,
              "Actual Loops": 1,
              "Output": ["t.popularity", "t.decade", "t.id", "t.name"],
              "Shared Hit Blocks": 182663,
              "Shared Read Blocks": 0,
              "Shared Dirtied Blocks": 0,
              "Shared Written Blocks": 0,
              "Local Hit Blocks": 0,
              "Local Read Blocks": 0,
              "Local Dirtied Blocks": 0,
              "Local Written Blocks": 0,
              "Temp Read Blocks": 0,
              "Temp Written Blocks": 0,
              "WAL Records": 0,
              "WAL FPI": 0,
              "WAL Bytes": 0
            }
          ]
        }
      ]
    },
    "Planning": {
      "Shared Hit Blocks": 16,
      "Shared Read Blocks": 0,
      "Shared Dirtied Blocks": 0,
      "Shared Written Blocks": 0,
      "Local Hit Blocks": 0,
      "Local Read Blocks": 0,
      "Local Dirtied Blocks": 0,
      "Local Written Blocks": 0,
      "Temp Read Blocks": 0,
      "Temp Written Blocks": 0
    },
    "Planning Time": 0.282,
    "Triggers": [
    ],
    "Execution Time": 142.358
  }
]