[
  {
    "Plan": {
      "Node Type": "Sort",
      "Parallel Aware": false,
      "Async Capable": false,
      "Startup Cost": 47464.86,
      "Total Cost": 47527.34,
      "Plan Rows": 24993,
      "Plan Width": 47,
      "Actual Startup Time": 570.768,
      "Actual Total Time": 578.972,
      "Actual Rows": 98504,
      "Actual Loops": 1,
      "Output": ["ta.artist_id", "(avg((t.popularity)::double precision))", "(max((t.popularity)::double precision))", "(count(*))"],
      "Sort Key": ["(avg((t.popularity)::double precision)) DESC"],
      "Sort Method": "external merge",
      "Sort Space Used": 5600,
      "Sort Space Type": "Disk",
      "Shared Hit Blocks": 8901,
      "Shared Read Blocks": 6581,
      "Shared Dirtied Blocks": 0,
      "Shared Written Blocks": 0,
      "Local Hit Blocks": 0,
      "Local Read Blocks": 0,
      "Local Dirtied Blocks": 0,
      "Local Written Blocks": 0,
      "Temp Read Blocks": 12020,
      "Temp Written Blocks": 14274,
      "WAL Records": 0,
      "WAL FPI": 0,
      "WAL Bytes": 0,
      "Plans": [
        {
          "Node Type": "Aggregate",
          "Strategy": "Hashed",
          "Partial Mode": "Finalize",
          "Parent Relationship": "Outer",
          "Parallel Aware": false,
          "Async Capable": false,
          "Startup Cost": 45326.81,
          "Total Cost": 45639.22,
          "Plan Rows": 24993,
          "Plan Width": 47,
          "Actual Startup Time": 510.094,
          "Actual Total Time": 549.505,
          "Actual Rows": 98504,
          "Actual Loops": 1,
          "Output": ["ta.artist_id", "avg((t.popularity)::double precision)", "max((t.popularity)::double precision)", "count(*)"],
          "Group Key": ["ta.artist_id"],
          "Planned Partitions": 0,
          "HashAgg Batches": 5,
          "Peak Memory Usage": 8241,
          "Disk Usage": 11792,
          "Shared Hit Blocks": 8898,
          "Shared Read Blocks": 6581,
          "Shared Dirtied Blocks": 0,
          "Shared Written Blocks": 0,
          "Local Hit Blocks": 0,
          "Local Read Blocks": 0,
          "Local Dirtied Blocks": 0,
          "Local Written Blocks": 0,
          "Temp Read Blocks": 11320,
          "Temp Written Blocks": 13572,
          "WAL Records": 0,
          "WAL FPI": 0,
          "WAL Bytes": 0,
          "Plans": [
            {
              "Node Type": "Gather",
              "Parent Relationship": "Outer",
              "Parallel Aware": false,
              "Async Capable": false,
              "Startup Cost": 39578.42,
              "Total Cost": 44826.95,
              "Plan Rows": 49986,
              "Plan Width": 71,
              "Actual Startup Time": 433.017,
              "Actual Total Time": 458.348,
              "Actual Rows": 172698,
              "Actual Loops": 1,
              "Output": ["ta.artist_id", "(PARTIAL avg((t.popularity)::double precision))", "(PARTIAL max((t.popularity)::double precision))", "(PARTIAL count(*))"],
              "Workers Planned": 2,
              "Workers Launched": 2,
              "Single Copy": false,
              "Shared Hit Blocks": 8898,
              "Shared Read Blocks": 6581,
              "Shared Dirtied Blocks": 0,
              "Shared Written Blocks": 0,
              "Local Hit Blocks": 0,
              "Local Read Blocks": 0,
              "Local Dirtied Blocks": 0,
              "Local Written Blocks": 0,
              "Temp Read Blocks": 9920,
              "Temp Written Blocks": 11056,
              "WAL Records": 0,
              "WAL FPI": 0,
              "WAL Bytes": 0,
              "Plans": [
                {
                  "Node Type": "Aggregate",
                  "Strategy": "Hashed",
                  "Partial Mode": "Partial",
                  "Parent Relationship": "Outer",
                  "Parallel Aware": false,
                  "Async Capable": false,
                  "Startup Cost": 38578.42,
                  "Total Cost": 38828.35,
                  "Plan Rows": 24993,
                  "Plan Width": 71,
                  "Actual Startup Time": 426.743,
                  "Actual Total Time": 446.532,
                  "Actual Rows": 57566,
                  "Actual Loops": 3,
                  "Output": ["ta.artist_id", "PARTIAL avg((t.popularity)::double precision)", "PARTIAL max((t.popularity)::double precision)", "PARTIAL count(*)"],
                  "Group Key": ["ta.artist_id"],
                  "Planned Partitions": 0,
                  "HashAgg Batches": 5,
                  "Peak Memory Usage": 8241,
                  "Disk Usage": 3416,
                  "Shared Hit Blocks": 8898,
                  "Shared Read Blocks": 6581,
                  "Shared Dirtied Blocks": 0,
                  "Shared Written Blocks": 0,
                  "Local Hit Blocks": 0,
                  "Local Read Blocks": 0,
                  "Local Dirtied Blocks": 0,
                  "Local Written Blocks": 0,
                  "Temp Read Blocks": 9920,
                  "Temp Written Blocks": 11056,
                  "WAL Records": 0,
                  "WAL FPI": 0,
                  "WAL Bytes": 0,
                  "Workers": [
                    {
                      "Worker Number": 0,
                      "Actual Startup Time": 423.847,
                      "Actual Total Time": 447.572,
                      "Actual Rows": 60015,
                      "Actual Loops": 1,
                      "HashAgg Batches": 5,
                      "Peak Memory Usage": 8241,
                      "Disk Usage": 3496,
                      "Shared Hit Blocks": 2925,
                      "Shared Read Blocks": 2184,
                      "Shared Dirtied Blocks": 0,
                      "Shared Written Blocks": 0,
                      "Local Hit Blocks": 0,
                      "Local Read Blocks": 0,
                      "Local Dirtied Blocks": 0,
                      "Local Written Blocks": 0,
                      "Temp Read Blocks": 3368,
                      "Temp Written Blocks": 3697,
                      "WAL Records": 0,
                      "WAL FPI": 0,
                      "WAL Bytes": 0
                    },
                    {
                      "Worker Number": 1,
                      "Actual Startup Time": 423.695,
                      "Actual Total Time": 444.621,
                      "Actual Rows": 55865,
                      "Actual Loops": 1,
                      "HashAgg Batches": 5,
                      "Peak Memory Usage": 8241,
                      "Disk Usage": 3384,
                      "Shared Hit Blocks": 2914,
                      "Shared Read Blocks": 2187,
                      "Shared Dirtied Blocks": 0,
                      "Shared Written Blocks": 0,
                      "Local Hit Blocks": 0,
                      "Local Read Blocks": 0,
                      "Local Dirtied Blocks": 0,
                      "Local Written Blocks": 0,
                      "Temp Read Blocks": 3439,
                      "Temp Written Blocks": 3637,
                      "WAL Records": 0,
                      "WAL FPI": 0,
                      "WAL Bytes": 0
                    }
                  ],
                  "Plans": [
                    {
                      "Node Type": "Hash Join",
                      "Parent Relationship": "Outer",
                      "Parallel Aware": true,
                      "Async Capable": false,
                      "Join Type": "Inner",
                      "Startup Cost": 15568.05,
                      "Total Cost": 33846.10,
                      "Plan Rows": 315488,
                      "Plan Width": 27,
                      "Actual Startup Time": 300.223,
                      "Actual Total Time": 358.053,
                      "Actual Rows": 252390,
                      "Actual Loops": 3,
                      "Output": ["ta.artist_id", "t.popularity"],
                      "Inner Unique": true,
                      "Hash Cond": "(ta.track_id = t.id)",
                      "Shared Hit Blocks": 8898,
                      "Shared Read Blocks": 6581,
                      "Shared Dirtied Blocks": 0,
                      "Shared Written Blocks": 0,
                      "Local Hit Blocks": 0,
                      "Local Read Blocks": 0,
                      "Local Dirtied Blocks": 0,
                      "Local Written Blocks": 0,
                      "Temp Read Blocks": 9079,
                      "Temp Written Blocks": 9160,
                      "WAL Records": 0,
                      "WAL FPI": 0,
                      "WAL Bytes": 0,
                      "Workers": [
                        {
                          "Worker Number": 0,
                          "Actual Startup Time": 291.691,
                          "Actual Total Time": 354.140,
                          "Actual Rows": 273726,
                          "Actual Loops": 1,
                          "Shared Hit Blocks": 2925,
                          "Shared Read Blocks": 2184,
                          "Shared Dirtied Blocks": 0,
                          "Shared Written Blocks": 0,
                          "Local Hit Blocks": 0,
                          "Local Read Blocks": 0,
                          "Local Dirtied Blocks": 0,
                          "Local Written Blocks": 0,
                          "Temp Read Blocks": 3059,
                          "Temp Written Blocks": 3036,
                          "WAL Records": 0,
                          "WAL FPI": 0,
                          "WAL Bytes": 0
                        },
                        {
                          "Worker Number": 1,
                          "Actual Startup Time": 300.407,
                          "Actual Total Time": 356.774,
                          "Actual Rows": 236858,
                          "Actual Loops": 1,
                          "Shared Hit Blocks": 2914,
                          "Shared Read Blocks": 2187,
                          "Shared Dirtied Blocks": 0,
                          "Shared Written Blocks": 0,
                          "Local Hit Blocks": 0,
                          "Local Read Blocks": 0,
                          "Local Dirtied Blocks": 0,
                          "Local Written Blocks": 0,
                          "Temp Read Blocks": 3181,
                          "Temp Written Blocks": 3028,
                          "WAL Records": 0,
                          "WAL FPI": 0,
                          "WAL Bytes": 0
                        }
                      ],
                      "Plans": [
                        {
                          "Node Type": "Seq Scan",
                          "Parent Relationship": "Outer",
                          "Parallel Aware": true,
                          "Async Capable": false,
                          "Relation Name": "track_artists",
                          "Schema": "public",
                          "Alias": "ta",
                          "Startup Cost": 0.00,
                          "Total Cost": 10231.88,
                          "Plan Rows": 315488,
                          "Plan Width": 46,
                          "Actual Startup Time": 0.816,
                          "Actual Total Time": 162.050,
                          "Actual Rows": 252390,
                          "Actual Loops": 3,
                          "Output": ["ta.artist_id", "ta.track_id"],
                          "Shared Hit Blocks": 496,
                          "Shared Read Blocks": 6581,
                          "Shared Dirtied Blocks": 0,
                          "Shared Written Blocks": 0,
                          "Local Hit Blocks": 0,
                          "Local Read Blocks": 0,
                          "Local Dirtied Blocks": 0,
                          "Local Written Blocks": 0,
                          "Temp Read Blocks": 0,
                          "Temp Written Blocks": 0,
                          "WAL Records": 0,
                          "WAL FPI": 0,
                          "WAL Bytes": 0,
                          "Workers": [
                            {
                              "Worker Number": 0,
                              "Actual Startup Time": 0.889,
                              "Actual Total Time": 162.960,
                              "Actual Rows": 253055,
                              "Actual Loops": 1,
                              "Shared Hit Blocks": 181,
                              "Shared Read Blocks": 2184,
                              "Shared Dirtied Blocks": 0,
                              "Shared Written Blocks": 0,
                              "Local Hit Blocks": 0,
                              "Local Read Blocks": 0,
                              "Local Dirtied Blocks": 0,
                              "Local Written Blocks": 0,
                              "Temp Read Blocks": 0,
                              "Temp Written Blocks": 0,
                              "WAL Records": 0,
                              "WAL FPI": 0,
                              "WAL Bytes": 0
                            },
                            {
                              "Worker Number": 1,
                              "Actual Startup Time": 0.885,
                              "Actual Total Time": 161.574,
                              "Actual Rows": 251450,
                              "Actual Loops": 1,
                              "Shared Hit Blocks": 163,
                              "Shared Read Blocks": 2187,
                              "Shared Dirtied Blocks": 0,
                              "Shared Written Blocks": 0,
                              "Local Hit Blocks": 0,
                              "Local Read Blocks": 0,
                              "Local Dirtied Blocks": 0,
                              "Local Written Blocks": 0,
                              "Temp Read Blocks": 0,
                              "Temp Written Blocks": 0,
                              "WAL Records": 0,
                              "WAL FPI": 0,
                              "WAL Bytes": 0
                            }
                          ]
                        },
                        {
                          "Node Type": "Hash",
                          "Parent Relationship": "Inner",
                          "Parallel Aware": true,
                          "Async Capable": false,
                          "Startup Cost": 10840.47,
                          "Total Cost": 10840.47,
                          "Plan Rows": 244447,
                          "Plan Width": 27,
                          "Actual Startup Time": 69.356,
                          "Actual Total Time": 69.357,
                          "Actual Rows": 195557,
                          "Actual Loops": 3,
                          "Output": ["t.popularity", "t.id"],
                          "Hash Buckets": 131072,
                          "Original Hash Buckets": 131072,
                          "Hash Batches": 8,
                          "Original Hash Batches": 8,
                          "Peak Memory Usage": 5664,
                          "Shared Hit Blocks": 8396,
                          "Shared Read Blocks": 0,
                          "Shared Dirtied Blocks": 0,
                          "Shared Written Blocks": 0,
                          "Local Hit Blocks": 0,
                          "Local Read Blocks": 0,
                          "Local Dirtied Blocks": 0,
                          "Local Written Blocks": 0,
                          "Temp Read Blocks": 0,
                          "Temp Written Blocks": 2996,
                          "WAL Records": 0,
                          "WAL FPI": 0,
                          "WAL Bytes": 0,
                          "Workers": [
                            {
                              "Worker Number": 0,
                              "Actual Startup Time": 66.603,
                              "Actual Total Time": 66.603,
                              "Actual Rows": 191689,
                              "Actual Loops": 1,
                              "Shared Hit Blocks": 2741,
                              "Shared Read Blocks": 0,
                              "Shared Dirtied Blocks": 0,
                              "Shared Written Blocks": 0,
                              "Local Hit Blocks": 0,
                              "Local Read Blocks": 0,
                              "Local Dirtied Blocks": 0,
                              "Local Written Blocks": 0,
                              "Temp Read Blocks": 0,
                              "Temp Written Blocks": 980,
                              "WAL Records": 0,
                              "WAL FPI": 0,
                              "WAL Bytes": 0
                            },
                            {
                              "Worker Number": 1,
                              "Actual Startup Time": 66.554,
                              "Actual Total Time": 66.555,
                              "Actual Rows": 191997,
                              "Actual Loops": 1,
                              "Shared Hit Blocks": 2748,
                              "Shared Read Blocks": 0,
                              "Shared Dirtied Blocks": 0,
                              "Shared Written Blocks": 0,
                              "Local Hit Blocks": 0,
                              "Local Read Blocks": 0,
                              "Local Dirtied Blocks": 0,
                              "Local Written Blocks": 0,
                              "Temp Read Blocks": 0,
                              "Temp Written Blocks": 980,
                              "WAL Records": 0,
                              "WAL FPI": 0,
                              "WAL Bytes": 0
                            }
                          ],
                          "Plans": [
                            {
                              "Node Type": "Seq Scan",
                              "Parent Relationship": "Outer",
                              "Parallel Aware": true,
                              "Async Capable": false,
                              "Relation Name": "tracks",
                              "Schema": "public",
                              "Alias": "t",
                              "Startup Cost": 0.00,
                              "Total Cost": 10840.47,
                              "Plan Rows": 244447,
                              "Plan Width": 27,
                              "Actual Startup Time": 0.018,
                              "Actual Total Time": 31.257,
                              "Actual Rows": 195557,
                              "Actual Loops": 3,
                              "Output": ["t.popularity", "t.id"],
                              "Filter": "(t.popularity IS NOT NULL)",
                              "Rows Removed by Filter": 0,
                              "Shared Hit Blocks": 8396,
                              "Shared Read Blocks": 0,
                              "Shared Dirtied Blocks": 0,
                              "Shared Written Blocks": 0,
                              "Local Hit Blocks": 0,
                              "Local Read Blocks": 0,
                              "Local Dirtied Blocks": 0,
                              "Local Written Blocks": 0,
                              "Temp Read Blocks": 0,
                              "Temp Written Blocks": 0,
                              "WAL Records": 0,
                              "WAL FPI": 0,
                              "WAL Bytes": 0,
                              "Workers": [
                                {
                                  "Worker Number": 0,
                                  "Actual Startup Time": 0.016,
                                  "Actual Total Time": 30.295,
                                  "Actual Rows": 191689,
                                  "Actual Loops": 1,
                                  "Shared Hit Blocks": 2741,
                                  "Shared Read Blocks": 0,
                                  "Shared Dirtied Blocks": 0,
                                  "Shared Written Blocks": 0,
                                  "Local Hit Blocks": 0,
                                  "Local Read Blocks": 0,
                                  "Local Dirtied Blocks": 0,
                                  "Local Written Blocks": 0,
                                  "Temp Read Blocks": 0,
                                  "Temp Written Blocks": 0,
                                  "WAL Records": 0,
                                  "WAL FPI": 0,
                                  "WAL Bytes": 0
                                },
                                {
                                  "Worker Number": 1,
                                  "Actual Startup Time": 0.013,
                                  "Actual Total Time": 29.194,
                                  "Actual Rows": 191997,
                                  "Actual Loops": 1,
                                  "Shared Hit Blocks": 2748,
                                  "Shared Read Blocks": 0,
                                  "Shared Dirtied Blocks": 0,
                                  "Shared Written Blocks": 0,
                                  "Local Hit Blocks": 0,
                                  "Local Read Blocks": 0,
                                  "Local Dirtied Blocks": 0,
                                  "Local Written Blocks": 0,
                                  "Temp Read Blocks": 0,
                                  "Temp Written Blocks": 0,
                                  "WAL Records": 0,
                                  "WAL FPI": 0,
                                  "WAL Bytes": 0
                                }
                              ]
                            }
                          ]
                        }
                      ]
                    }
                  ]
                }
              ]
            }
          ]
        }
      ]
    },
    "Planning": {
      "Shared Hit Blocks": 132,
      "Shared Read Blocks": 0,
      "Shared Dirtied Blocks": 0,
      "Shared Written Blocks": 0,
      "Local Hit Blocks": 0,
      "Local Read Blocks": 0,
      "Local Dirtied Blocks": 0,
      "Local Written Blocks": 0,
      "Temp Read Blocks": 0,
      "Temp Written Blocks": 0
    },
    "Planning Time": 0.907,
    "Triggers": [
    ],
    "Execution Time": 587.324
  }
]