[
  {
    "Plan": {
      "Node Type": "Aggregate",
      "Strategy": "Sorted",
      "Partial Mode": "Finalize",
      "Parallel Aware": false,
      "Async Capable": false,
      "Startup Cost": 46299.83,
      "Total Cost": 46627.45,
      "Plan Rows": 1080,
      "Plan Width": 60,
      "Actual Startup Time": 498.499,
      "Actual Total Time": 501.258,
      "Actual Rows": 98,
      "Actual Loops": 1,
      "Output": ["t.decade", "(concat(((floor(((t.popularity)::numeric / 10.0)))::integer * 10), '-', (((floor(((t.popularity)::numeric / 10.0)))::integer * 10) + 9)))", "count(*)", "avg(af.energy)", "avg(af.valence)"],
      "Group Key": ["t.decade", "(concat(((floor(((t.popularity)::numeric / 10.0)))::integer * 10), '-', (((floor(((t.popularity)::numeric / 10.0)))::integer * 10) + 9)))"],
      "Shared Hit Blocks": 9027,
      "Shared Read Blocks": 10064,
      "Shared Dirtied Blocks": 0,
      "Shared Written Blocks": 0,
      "Local Hit Blocks": 0,
      "Local Read Blocks": 0,
      "Local Dirtied Blocks": 0,
      "Local Written Blocks": 0,
      "Temp Read Blocks": 7599,
      "Temp Written Blocks": 7656,
      "WAL Records": 0,
      "WAL FPI": 0,
      "WAL Bytes": 0,
      "Plans": [
        {
          "Node Type": "Gather Merge",
          "Parent Relationship": "Outer",
          "Parallel Aware": false,
          "Async Capable": false,
          "Startup Cost": 46299.83,
          "Total Cost": 46551.85,
          "Plan Rows": 2160,
          "Plan Width": 108,
          "Actual Startup Time": 498.493,
          "Actual Total Time": 501.198,
          "Actual Rows": 284,
          "Actual Loops": 1,
          "Output": ["t.decade", "(concat(((floor(((t.popularity)::numeric / 10.0)))::integer * 10), '-', (((floor(((t.popularity)::numeric / 10.0)))::integer * 10) + 9)))", "(PARTIAL count(*))", "(PARTIAL avg(af.energy))", "(PARTIAL avg(af.valence))"],
          "Workers Planned": 2,
          "Workers Launched": 2,
          "Shared Hit Blocks": 9027,
          "Shared Read Blocks": 10064,
          "Shared Dirtied Blocks": 0,
          "Shared Written Blocks": 0,
          "Local Hit Blocks": 0,
          "Local Read Blocks": 0,
          "Local Dirtied Blocks": 0,
          "Local Written Blocks": 0,
          "Temp Read Blocks": 7599,
          "Temp Written Blocks": 7656,
          "WAL Records": 0,
          "WAL FPI": 0,
          "WAL Bytes": 0,
          "Plans": [
            {
              "Node Type": "Sort",
              "Parent Relationship": "Outer",
              "Parallel Aware": false,
              "Async Capable": false,
              "Startup Cost": 45299.81,
              "Total Cost": 45302.51,
              "Plan Rows": 1080,
              "Plan Width": 108,
              "Actual Startup Time": 495.606,
              "Actual Total Time": 495.624,
              "Actual Rows": 95,
              "Actual Loops": 3,
              "Output": ["t.decade", "(concat(((floor(((t.popularity)::numeric / 10.0)))::integer * 10), '-', (((floor(((t.popularity)::numeric / 10.0)))::integer * 10) + 9)))", "(PARTIAL count(*))", "(PARTIAL avg(af.energy))", "(PARTIAL avg(af.valence))"],
              "Sort Key": ["t.decade", "(concat(((floor(((t.popularity)::numeric / 10.0)))::integer * 10), '-', (((floor(((t.popularity)::numeric / 10.0)))::integer * 10) + 9)))"],
              "Sort Method": "quicksort",
              "Sort Space Used": 39,
              "Sort Space Type": "Memory",
              "Shared Hit Blocks": 9027,
              "Shared Read Blocks": 10064,
              "Shared Dirtied Blocks": 0,
              "Shared Written Blocks": 0,
              "Local Hit Blocks": 0,
              "Local Read Blocks": 0,
              "Local Dirtied Blocks": 0,
              "Local Written Blocks": 0,
              "Temp Read Blocks": 7599,
              "Temp Written Blocks": 7656,
              "WAL Records": 0,
              "WAL FPI": 0,
              "WAL Bytes": 0,
              "Workers": [
                {
                  "Worker Number": 0,
                  "Actual Startup Time": 494.281,
                  "Actual Total Time": 494.284,
                  "Actual Rows": 94,
                  "Actual Loops": 1,
                  "Sort Method": "quicksort",
                  "Sort Space Used": 39,
                  "Sort Space Type": "Memory",
                  "Shared Hit Blocks": 2927,
                  "Shared Read Blocks": 3325,
                  "Shared Dirtied Blocks": 0,
                  "Shared Written Blocks": 0,
                  "Local Hit Blocks": 0,
                  "Local Read Blocks": 0,
                  "Local Dirtied Blocks": 0,
                  "Local Written Blocks": 0,
                  "Temp Read Blocks": 2362,
                  "Temp Written Blocks": 2504,
                  "WAL Records": 0,
                  "WAL FPI": 0,
                  "WAL Bytes": 0
                },
                {
                  "Worker Number": 1,
                  "Actual Startup Time": 494.533,
                  "Actual Total Time": 494.536,
                  "Actual Rows": 95,
                  "Actual Loops": 1,
                  "Sort Method": "quicksort",
                  "Sort Space Used": 39,
                  "Sort Space Type": "Memory",
                  "Shared Hit Blocks": 2958,
                  "Shared Read Blocks": 3371,
                  "Shared Dirtied Blocks": 0,
                  "Shared Written Blocks": 0,
                  "Local Hit Blocks": 0,
                  "Local Read Blocks": 0,
                  "Local Dirtied Blocks": 0,
                  "Local Written Blocks": 0,
                  "Temp Read Blocks": 2861,
                  "Temp Written Blocks": 2536,
                  "WAL Records": 0,
                  "WAL FPI": 0,
                  "WAL Bytes": 0
                }
              ],
              "Plans": [
                {
                  "Node Type": "Aggregate",
                  "Strategy": "Hashed",
                  "Partial Mode": "Partial",
                  "Parent Relationship": "Outer",
                  "Parallel Aware": false,
                  "Async Capable": false,
                  "Startup Cost": 45202.19,
                  "Total Cost": 45245.39,
                  "Plan Rows": 1080,
                  "Plan Width": 108,
                  "Actual Startup Time": 495.551,
                  "Actual Total Time": 495.580,
                  "Actual Rows": 95,
                  "Actual Loops": 3,
                  "Output": ["t.decade", "(concat(((floor(((t.popularity)::numeric / 10.0)))::integer * 10), '-', (((floor(((t.popularity)::numeric / 10.0)))::integer * 10) + 9)))", "PARTIAL count(*)", "PARTIAL avg(af.energy)", "PARTIAL avg(af.valence)"],
                  "Group Key": ["t.decade", "concat(((floor(((t.popularity)::numeric / 10.0)))::integer * 10), '-', (((floor(((t.popularity)::numeric / 10.0)))::integer * 10) + 9))"],
                  "Planned Partitions": 0,
                  "HashAgg Batches": 1,
                  "Peak Memory Usage": 97,
                  "Disk Usage": 0,
                  "Shared Hit Blocks": 9011,
                  "Shared Read Blocks": 10064,
                  "Shared Dirtied Blocks": 0,
                  "Shared Written Blocks": 0,
                  "Local Hit Blocks": 0,
                  "Local Read Blocks": 0,
                  "Local Dirtied Blocks": 0,
                  "Local Written Blocks": 0,
                  "Temp Read Blocks": 7599,
                  "Temp Written Blocks": 7656,
                  "WAL Records": 0,
                  "WAL FPI": 0,
                  "WAL Bytes": 0,
                  "Workers": [
                    {
                      "Worker Number": 0,
                      "Actual Startup Time": 494.222,
                      "Actual Total Time": 494.237,
                      "Actual Rows": 94,
                      "Actual Loops": 1,
                      "HashAgg Batches": 1,
                      "Peak Memory Usage": 97,
                      "Disk Usage": 0,
                      "Shared Hit Blocks": 2919,
                      "Shared Read Blocks": 3325,
                      "Shared Dirtied Blocks": 0,
                      "Shared Written Blocks": 0,
                      "Local Hit Blocks": 0,
                      "Local Read Blocks": 0,
                      "Local Dirtied Blocks": 0,
                      "Local Written Blocks": 0,
                      "Temp Read Blocks": 2362,
                      "Temp Written Blocks": 2504,
                      "WAL Records": 0,
                      "WAL FPI": 0,
                      "WAL Bytes": 0
                    },
                    {
                      "Worker Number": 1,
                      "Actual Startup Time": 494.472,
                      "Actual Total Time": 494.487,
                      "Actual Rows": 95,
                      "Actual Loops": 1,
                      "HashAgg Batches": 1,
                      "Peak Memory Usage": 97,
                      "Disk Usage": 0,
                      "Shared Hit Blocks": 2950,
                      "Shared Read Blocks": 3371,
                      "Shared Dirtied Blocks": 0,
                      "Shared Written Blocks": 0,
                      "Local Hit Blocks": 0,
                      "Local Read Blocks": 0,
                      "Local Dirtied Blocks": 0,
                      "Local Written Blocks": 0,
                      "Temp Read Blocks": 2861,
                      "Temp Written Blocks": 2536,
                      "WAL Records": 0,
                      "WAL FPI": 0,
                      "WAL Bytes": 0
                    }
                  ],
                  "Plans": [
                    {
                      "Node Type": "Hash Join",
                      "Parent Relationship": "Outer",
                      "Parallel Aware": true,
                      "Async Capable": false,
                      "Join Type": "Left",
                      "Startup Cost": 18077.05,
                      "Total Cost": 42146.60,
                      "Plan Rows": 244447,
                      "Plan Width": 52,
                      "Actual Startup Time": 372.853,
                      "Actual Total Time": 466.403,
                      "Actual Rows": 195557,
                      "Actual Loops": 3,
                      "Output": ["t.decade", "concat(((floor(((t.popularity)::numeric / 10.0)))::integer * 10), '-', (((floor(((t.popularity)::numeric / 10.0)))::integer * 10) + 9))", "af.energy", "af.valence"],
                      "Inner Unique": true,
                      "Hash Cond": "(t.id = af.track_id)",
                      "Shared Hit Blocks": 9011,
                      "Shared Read Blocks": 10064,
                      "Shared Dirtied Blocks": 0,
                      "Shared Written Blocks": 0,
                      "Local Hit Blocks": 0,
                      "Local Read Blocks": 0,
                      "Local Dirtied Blocks": 0,
                      "Local Written Blocks": 0,
                      "Temp Read Blocks": 7599,
                      "Temp Written Blocks": 7656,
                      "WAL Records": 0,
                      "WAL FPI": 0,
                      "WAL Bytes": 0,
                      "Workers": [
                        {
                          "Worker Number": 0,
                          "Actual Startup Time": 373.773,
                          "Actual Total Time": 464.953,
                          "Actual Rows": 196421,
                          "Actual Loops": 1,
                          "Shared Hit Blocks": 2919,
                          "Shared Read Blocks": 3325,
                          "Shared Dirtied Blocks": 0,
                          "Shared Written Blocks": 0,
                          "Local Hit Blocks": 0,
                          "Local Read Blocks": 0,
                          "Local Dirtied Blocks": 0,
                          "Local Written Blocks": 0,
                          "Temp Read Blocks": 2362,
                          "Temp Written Blocks": 2504,
                          "WAL Records": 0,
                          "WAL FPI": 0,
                          "WAL Bytes": 0
                        },
                        {
                          "Worker Number": 1,
                          "Actual Startup Time": 373.789,
                          "Actual Total Time": 465.963,
                          "Actual Rows": 191525,
                          "Actual Loops": 1,
                          "Shared Hit Blocks": 2950,
                          "Shared Read Blocks": 3371,
                          "Shared Dirtied Blocks": 0,
                          "Shared Written Blocks": 0,
                          "Local Hit Blocks": 0,
                          "Local Read Blocks": 0,
                          "Local Dirtied Blocks": 0,
                          "Local Written Blocks": 0,
                          "Temp Read Blocks": 2861,
                          "Temp Written Blocks": 2536,
                          "WAL Records": 0,
                          "WAL FPI": 0,
                          "WAL Bytes": 0
                        }
                      ],
                      "Plans": [
                        {
                          "Node Type": "Seq Scan",
                          "Parent Relationship": "Outer",
                          "Parallel Aware": true,
                          "Async Capable": false,
                          "Relation Name": "tracks",
                          "Schema": "public",
                          "Alias": "t",
                          "Startup Cost": 0.00,
                          "Total Cost": 10840.47,
                          "Plan Rows": 244447,
                          "Plan Width": 31,
                          "Actual Startup Time": 0.020,
                          "Actual Total Time": 33.362,
                          "Actual Rows": 195557,
                          "Actual Loops": 3,
                          "Output": ["t.decade", "t.popularity", "t.id"],
                          "Filter": "((t.decade IS NOT NULL) AND (t.popularity IS NOT NULL))",
                          "Rows Removed by Filter": 0,
                          "Shared Hit Blocks": 8396,
                          "Shared Read Blocks": 0,
                          "Shared Dirtied Blocks": 0,
                          "Shared Written Blocks": 0,
                          "Local Hit Blocks": 0,
                          "Local Read Blocks": 0,
                          "Local Dirtied Blocks": 0,
                          "Local Written Blocks": 0,
                          "Temp Read Blocks": 0,
                          "Temp Written Blocks": 0,
                          "WAL Records": 0,
                          "WAL FPI": 0,
                          "WAL Bytes": 0,
                          "Workers": [
                            {
                              "Worker Number": 0,
                              "Actual Startup Time": 0.027,
                              "Actual Total Time": 34.059,
                              "Actual Rows": 189554,
                              "Actual Loops": 1,
                              "Shared Hit Blocks": 2716,
                              "Shared Read Blocks": 0,
                              "Shared Dirtied Blocks": 0,
                              "Shared Written Blocks": 0,
                              "Local Hit Blocks": 0,
                              "Local Read Blocks": 0,
                              "Local Dirtied Blocks": 0,
                              "Local Written Blocks": 0,
                              "Temp Read Blocks": 0,
                              "Temp Written Blocks": 0,
                              "WAL Records": 0,
                              "WAL FPI": 0,
                              "WAL Bytes": 0
                            },
                            {
                              "Worker Number": 1,
                              "Actual Startup Time": 0.024,
                              "Actual Total Time": 33.967,
                              "Actual Rows": 194194,
                              "Actual Loops": 1,
                              "Shared Hit Blocks": 2780,
                              "Shared Read Blocks": 0,
                              "Shared Dirtied Blocks": 0,
                              "Shared Written Blocks": 0,
                              "Local Hit Blocks": 0,
                              "Local Read Blocks": 0,
                              "Local Dirtied Blocks": 0,
                              "Local Written Blocks": 0,
                              "Temp Read Blocks": 0,
                              "Temp Written Blocks": 0,
                              "WAL Records": 0,
                              "WAL FPI": 0,
                              "WAL Bytes": 0
                            }
                          ]
                        },
                        {
                          "Node Type": "Hash",
                          "Parent Relationship": "Inner",
                          "Parallel Aware": true,
                          "Async Capable": false,
                          "Startup Cost": 13111.47,
                          "Total Cost": 13111.47,
                          "Plan Rows": 244447,
                          "Plan Width": 39,
                          "Actual Startup Time": 284.395,
                          "Actual Total Time": 284.395,
                          "Actual Rows": 195557,
                          "Actual Loops": 3,
                          "Output": ["af.energy", "af.valence", "af.track_id"],
                          "Hash Buckets": 131072,
                          "Original Hash Buckets": 131072,
                          "Hash Batches": 8,
                          "Original Hash Batches": 8,
                          "Peak Memory Usage": 6240,
                          "Shared Hit Blocks": 603,
                          "Shared Read Blocks": 10064,
                          "Shared Dirtied Blocks": 0,
                          "Shared Written Blocks": 0,
                          "Local Hit Blocks": 0,
                          "Local Read Blocks": 0,
                          "Local Dirtied Blocks": 0,
                          "Local Written Blocks": 0,
                          "Temp Read Blocks": 0,
                          "Temp Written Blocks": 3724,
                          "WAL Records": 0,
                          "WAL FPI": 0,
                          "WAL Bytes": 0,
                          "Workers": [
                            {
                              "Worker Number": 0,
                              "Actual Startup Time": 283.113,
                              "Actual Total Time": 283.113,
                              "Actual Rows": 193710,
                              "Actual Loops": 1,
                              "Shared Hit Blocks": 197,
                              "Shared Read Blocks": 3325,
                              "Shared Dirtied Blocks": 0,
                              "Shared Written Blocks": 0,
                              "Local Hit Blocks": 0,
                              "Local Read Blocks": 0,
                              "Local Dirtied Blocks": 0,
                              "Local Written Blocks": 0,
                              "Temp Read Blocks": 0,
                              "Temp Written Blocks": 1232,
                              "WAL Records": 0,
                              "WAL FPI": 0,
                              "WAL Bytes": 0
                            },
                            {
                              "Worker Number": 1,
                              "Actual Startup Time": 283.196,
                              "Actual Total Time": 283.197,
                              "Actual Rows": 194412,
                              "Actual Loops": 1,
                              "Shared Hit Blocks": 164,
                              "Shared Read Blocks": 3371,
                              "Shared Dirtied Blocks": 0,
                              "Shared Written Blocks": 0,
                              "Local Hit Blocks": 0,
                              "Local Read Blocks": 0,
                              "Local Dirtied Blocks": 0,
                              "Local Written Blocks": 0,
                              "Temp Read Blocks": 0,
                              "Temp Written Blocks": 1232,
                              "WAL Records": 0,
                              "WAL FPI": 0,
                              "WAL Bytes": 0
                            }
                          ],
                          "Plans": [
                            {
                              "Node Type": "Seq Scan",
                              "Parent Relationship": "Outer",
                              "Parallel Aware": true,
                              "Async Capable": false,
                              "Relation Name": "audio_features",
                              "Schema": "public",
                              "Alias": "af",
                              "Startup Cost": 0.00,
                              "Total Cost": 13111.47,
                              "Plan Rows": 244447,
                              "Plan Width": 39,
                              "Actual Startup Time": 0.137,
                              "Actual Total Time": 206.440,
                              "Actual Rows": 195557,
                              "Actual Loops": 3,
                              "Output": ["af.energy", "af.valence", "af.track_id"],
                              "Shared Hit Blocks": 603,
                              "Shared Read Blocks": 10064,
                              "Shared Dirtied Blocks": 0,
                              "Shared Written Blocks": 0,
                              "Local Hit Blocks": 0,
                              "Local Read Blocks": 0,
                              "Local Dirtied Blocks": 0,
                              "Local Written Blocks": 0,
                              "Temp Read Blocks": 0,
                              "Temp Written Blocks": 0,
                              "WAL Records": 0,
                              "WAL FPI": 0,
                              "WAL Bytes": 0,
                              "Workers": [
                                {
                                  "Worker Number": 0,
                                  "Actual Startup Time": 0.042,
                                  "Actual Total Time": 205.520,
                                  "Actual Rows": 193710,
                                  "Actual Loops": 1,
                                  "Shared Hit Blocks": 197,
                                  "Shared Read Blocks": 3325,
                                  "Shared Dirtied Blocks": 0,
                                  "Shared Written Blocks": 0,
                                  "Local Hit Blocks": 0,
                                  "Local Read Blocks": 0,
                                  "Local Dirtied Blocks": 0,
                                  "Local Written Blocks": 0,
                                  "Temp Read Blocks": 0,
                                  "Temp Written Blocks": 0,
                                  "WAL Records": 0,
                                  "WAL FPI": 0,
                                  "WAL Bytes": 0
                                },
                                {
                                  "Worker Number": 1,
                                  "Actual Startup Time": 0.105,
                                  "Actual Total Time": 206.659,
                                  "Actual Rows": 194412,
                                  "Actual Loops": 1,
                                  "Shared Hit Blocks": 164,
                                  "Shared Read Blocks": 3371,
                                  "Shared Dirtied Blocks": 0,
                                  "Shared Written Blocks": 0,
                                  "Local Hit Blocks": 0,
                                  "Local Read Blocks": 0,
                                  "Local Dirtied Blocks": 0,
                                  "Local Written Blocks": 0,
                                  "Temp Read Blocks": 0,
                                  "Temp Written Blocks": 0,
                                  "WAL Records": 0,
                                  "WAL FPI": 0,
                                  "WAL Bytes": 0
                                }
                              ]
                            }
                          ]
                        }
                      ]
                    }
                  ]
                }
              ]
            }
          ]
        }
      ]
    },
    "Planning": {
      "Shared Hit Blocks": 16,
      "Shared Read Blocks": 0,
      "Shared Dirtied Blocks": 0,
      "Shared Written Blocks": 0,
      "Local Hit Blocks": 0,
      "Local Read Blocks": 0,
      "Local Dirtied Blocks": 0,
      "Local Written Blocks": 0,
      "Temp Read Blocks": 0,
      "Temp Written Blocks": 0
    },
    "Planning Time": 0.252,
    "Triggers": [
    ],
    "Execution Time": 501.323
  }
]