[
  {
    "Plan": {
      "Node Type": "Sort",
      "Parallel Aware": false,
      "Async Capable": false,
      "Startup Cost": 122379.50,
      "Total Cost": 122625.35,
      "Plan Rows": 98342,
      "Plan Width": 53,
      "Actual Startup Time": 767.239,
      "Actual Total Time": 776.432,
      "Actual Rows": 98504,
      "Actual Loops": 1,
      "Output": ["a.id", "a.name", "(avg(af.valence))", "(avg(af.energy))"],
      "Sort Key": ["(avg(af.valence)) DESC"],
      "Sort Method": "external merge",
      "Sort Space Used": 6424,
      "Sort Space Type": "Disk",
      "Shared Hit Blocks": 8887,
      "Shared Read Blocks": 11513,
      "Shared Dirtied Blocks": 0,
      "Shared Written Blocks": 0,
      "Local Hit Blocks": 0,
      "Local Read Blocks": 0,
      "Local Dirtied Blocks": 0,
      "Local Written Blocks": 0,
      "Temp Read Blocks": 16802,
      "Temp Written Blocks": 16878,
      "WAL Records": 0,
      "WAL FPI": 0,
      "WAL Bytes": 0,
      "Plans": [
        {
          "Node Type": "Aggregate",
          "Strategy": "Sorted",
          "Partial Mode": "Finalize",
          "Parent Relationship": "Outer",
          "Parallel Aware": false,
          "Async Capable": false,
          "Startup Cost": 81069.96,
          "Total Cost": 110860.73,
          "Plan Rows": 98342,
          "Plan Width": 53,
          "Actual Startup Time": 628.485,
          "Actual Total Time": 744.320,
          "Actual Rows": 98504,
          "Actual Loops": 1,
          "Output": ["a.id", "a.name", "avg(af.valence)", "avg(af.energy)"],
          "Group Key": ["a.id"],
          "Shared Hit Blocks": 8884,
          "Shared Read Blocks": 11513,
          "Shared Dirtied Blocks": 0,
          "Shared Written Blocks": 0,
          "Local Hit Blocks": 0,
          "Local Read Blocks": 0,
          "Local Dirtied Blocks": 0,
          "Local Written Blocks": 0,
          "Temp Read Blocks": 15999,
          "Temp Written Blocks": 16073,
          "WAL Records": 0,
          "WAL FPI": 0,
          "WAL Bytes": 0,
          "Plans": [
            {
              "Node Type": "Gather Merge",
              "Parent Relationship": "Outer",
              "Parallel Aware": false,
              "Async Capable": false,
              "Startup Cost": 81069.96,
              "Total Cost": 107910.47,
              "Plan Rows": 196684,
              "Plan Width": 101,
              "Actual Startup Time": 628.480,
              "Actual Total Time": 708.085,
              "Actual Rows": 172625,
              "Actual Loops": 1,
              "Output": ["a.id", "a.name", "(PARTIAL avg(af.valence))", "(PARTIAL avg(af.energy))"],
              "Workers Planned": 2,
              "Workers Launched": 2,
              "Shared Hit Blocks": 8884,
              "Shared Read Blocks": 11513,
              "Shared Dirtied Blocks": 0,
              "Shared Written Blocks": 0,
              "Local Hit Blocks": 0,
              "Local Read Blocks": 0,
              "Local Dirtied Blocks": 0,
              "Local Written Blocks": 0,
              "Temp Read Blocks": 15999,
              "Temp Written Blocks": 16073,
              "WAL Records": 0,
              "WAL FPI": 0,
              "WAL Bytes": 0,
              "Plans": [
                {
                  "Node Type": "Aggregate",
                  "Strategy": "Sorted",
                  "Partial Mode": "Partial",
                  "Parent Relationship": "Outer",
                  "Parallel Aware": false,
                  "Async Capable": false,
                  "Startup Cost": 80069.93,
                  "Total Cost": 84208.23,
                  "Plan Rows": 98342,
                  "Plan Width": 101,
                  "Actual Startup Time": 621.672,
                  "Actual Total Time": 679.382,
                  "Actual Rows": 57542,
                  "Actual Loops": 3,
                  "Output": ["a.id", "a.name", "PARTIAL avg(af.valence)", "PARTIAL avg(af.energy)"],
                  "Group Key": ["a.id"],
                  "Shared Hit Blocks": 8884,
                  "Shared Read Blocks": 11513,
                  "Shared Dirtied Blocks": 0,
                  "Shared Written Blocks": 0,
                  "Local Hit Blocks": 0,
                  "Local Read Blocks": 0,
                  "Local Dirtied Blocks": 0,
                  "Local Written Blocks": 0,
                  "Temp Read Blocks": 15999,
                  "Temp Written Blocks": 16073,
                  "WAL Records": 0,
                  "WAL FPI": 0,
                  "WAL Bytes": 0,
                  "Workers": [
                    {
                      "Worker Number": 0,
                      "Actual Startup Time": 619.927,
                      "Actual Total Time": 677.613,
                      "Actual Rows": 56924,
                      "Actual Loops": 1,
                      "Shared Hit Blocks": 3219,
                      "Shared Read Blocks": 3566,
                      "Shared Dirtied Blocks": 0,
                      "Shared Written Blocks": 0,
                      "Local Hit Blocks": 0,
                      "Local Read Blocks": 0,
                      "Local Dirtied Blocks": 0,
                      "Local Written Blocks": 0,
                      "Temp Read Blocks": 5152,
                      "Temp Written Blocks": 5334,
                      "WAL Records": 0,
                      "WAL FPI": 0,
                      "WAL Bytes": 0
                    },
                    {
                      "Worker Number": 1,
                      "Actual Startup Time": 617.018,
                      "Actual Total Time": 672.377,
                      "Actual Rows": 56138,
                      "Actual Loops": 1,
                      "Shared Hit Blocks": 3279,
                      "Shared Read Blocks": 3531,
                      "Shared Dirtied Blocks": 0,
                      "Shared Written Blocks": 0,
                      "Local Hit Blocks": 0,
                      "Local Read Blocks": 0,
                      "Local Dirtied Blocks": 0,
                      "Local Written Blocks": 0,
                      "Temp Read Blocks": 5513,
                      "Temp Written Blocks": 5262,
                      "WAL Records": 0,
                      "WAL FPI": 0,
                      "WAL Bytes": 0
                    }
                  ],
                  "Plans": [
                    {
                      "Node Type": "Sort",
                      "Parent Relationship": "Outer",
                      "Parallel Aware": false,
                      "Async Capable": false,
                      "Startup Cost": 80069.93,
                      "Total Cost": 80858.65,
                      "Plan Rows": 315488,
                      "Plan Width": 53,
                      "Actual Startup Time": 621.660,
                      "Actual Total Time": 643.772,
                      "Actual Rows": 252390,
                      "Actual Loops": 3,
                      "Output": ["a.id", "a.name", "af.valence", "af.energy"],
                      "Sort Key": ["a.id"],
                      "Sort Method": "external merge",
                      "Sort Space Used": 17168,
                      "Sort Space Type": "Disk",
                      "Shared Hit Blocks": 8884,
                      "Shared Read Blocks": 11513,
                      "Shared Dirtied Blocks": 0,
                      "Shared Written Blocks": 0,
                      "Local Hit Blocks": 0,
                      "Local Read Blocks": 0,
                      "Local Dirtied Blocks": 0,
                      "Local Written Blocks": 0,
                      "Temp Read Blocks": 15999,
                      "Temp Written Blocks": 16073,
                      "WAL Records": 0,
                      "WAL FPI": 0,
                      "WAL Bytes": 0,
                      "Workers": [
                        {
                          "Worker Number": 0,
                          "Actual Startup Time": 619.915,
                          "Actual Total Time": 642.183,
                          "Actual Rows": 252042,
                          "Actual Loops": 1,
                          "Sort Method": "external merge",
                          "Sort Space Used": 16440,
                          "Sort Space Type": "Disk",
                          "Shared Hit Blocks": 3219,
                          "Shared Read Blocks": 3566,
                          "Shared Dirtied Blocks": 0,
                          "Shared Written Blocks": 0,
                          "Local Hit Blocks": 0,
                          "Local Read Blocks": 0,
                          "Local Dirtied Blocks": 0,
                          "Local Written Blocks": 0,
                          "Temp Read Blocks": 5152,
                          "Temp Written Blocks": 5334,
                          "WAL Records": 0,
                          "WAL FPI": 0,
                          "WAL Bytes": 0
                        },
                        {
                          "Worker Number": 1,
                          "Actual Startup Time": 616.997,
                          "Actual Total Time": 638.207,
                          "Actual Rows": 241789,
                          "Actual Loops": 1,
                          "Sort Method": "external merge",
                          "Sort Space Used": 15768,
                          "Sort Space Type": "Disk",
                          "Shared Hit Blocks": 3279,
                          "Shared Read Blocks": 3531,
                          "Shared Dirtied Blocks": 0,
                          "Shared Written Blocks": 0,
                          "Local Hit Blocks": 0,
                          "Local Read Blocks": 0,
                          "Local Dirtied Blocks": 0,
                          "Local Written Blocks": 0,
                          "Temp Read Blocks": 5513,
                          "Temp Written Blocks": 5262,
                          "WAL Records": 0,
                          "WAL FPI": 0,
                          "WAL Bytes": 0
                        }
                      ],
                      "Plans": [
                        {
                          "Node Type": "Hash Join",
                          "Parent Relationship": "Outer",
                          "Parallel Aware": false,
                          "Async Capable": false,
                          "Join Type": "Inner",
                          "Startup Cost": 21126.75,
                          "Total Cost": 40470.98,
                          "Plan Rows": 315488,
                          "Plan Width": 53,
                          "Actual Startup Time": 449.339,
                          "Actual Total Time": 546.012,
                          "Actual Rows": 252390,
                          "Actual Loops": 3,
                          "Output": ["a.id", "a.name", "af.valence", "af.energy"],
                          "Inner Unique": true,
                          "Hash Cond": "(ta.artist_id = a.id)",
                          "Shared Hit Blocks": 8770,
                          "Shared Read Blocks": 11513,
                          "Shared Dirtied Blocks": 0,
                          "Shared Written Blocks": 0,
                          "Local Hit Blocks": 0,
                          "Local Read Blocks": 0,
                          "Local Dirtied Blocks": 0,
                          "Local Written Blocks": 0,
                          "Temp Read Blocks": 9827,
                          "Temp Written Blocks": 9880,
                          "WAL Records": 0,
                          "WAL FPI": 0,
                          "WAL Bytes": 0,
                          "Workers": [
                            {
                              "Worker Number": 0,
                              "Actual Startup Time": 448.513,
                              "Actual Total Time": 543.500,
                              "Actual Rows": 252042,
                              "Actual Loops": 1,
                              "Shared Hit Blocks": 3162,
                              "Shared Read Blocks": 3566,
                              "Shared Dirtied Blocks": 0,
                              "Shared Written Blocks": 0,
                              "Local Hit Blocks": 0,
                              "Local Read Blocks": 0,
                              "Local Dirtied Blocks": 0,
                              "Local Written Blocks": 0,
                              "Temp Read Blocks": 3097,
                              "Temp Written Blocks": 3272,
                              "WAL Records": 0,
                              "WAL FPI": 0,
                              "WAL Bytes": 0
                            },
                            {
                              "Worker Number": 1,
                              "Actual Startup Time": 448.460,
                              "Actual Total Time": 542.937,
                              "Actual Rows": 241789,
                              "Actual Loops": 1,
                              "Shared Hit Blocks": 3222,
                              "Shared Read Blocks": 3531,
                              "Shared Dirtied Blocks": 0,
                              "Shared Written Blocks": 0,
                              "Local Hit Blocks": 0,
                              "Local Read Blocks": 0,
                              "Local Dirtied Blocks": 0,
                              "Local Written Blocks": 0,
                              "Temp Read Blocks": 3542,
                              "Temp Written Blocks": 3284,
                              "WAL Records": 0,
                              "WAL FPI": 0,
                              "WAL Bytes": 0
                            }
                          ],
                          "Plans": [
                            {
                              "Node Type": "Hash Join",
                              "Parent Relationship": "Outer",
                              "Parallel Aware": true,
                              "Async Capable": false,
                              "Join Type": "Inner",
                              "Startup Cost": 18077.05,
                              "Total Cost": 36593.10,
                              "Plan Rows": 315488,
                              "Plan Width": 39,
                              "Actual Startup Time": 426.233,
                              "Actual Total Time": 473.546,
                              "Actual Rows": 252390,
                              "Actual Loops": 3,
                              "Output": ["ta.artist_id", "af.valence", "af.energy"],
                              "Inner Unique": true,
                              "Hash Cond": "(ta.track_id = af.track_id)",
                              "Shared Hit Blocks": 7107,
                              "Shared Read Blocks": 10637,
                              "Shared Dirtied Blocks": 0,
                              "Shared Written Blocks": 0,
                              "Local Hit Blocks": 0,
                              "Local Read Blocks": 0,
                              "Local Dirtied Blocks": 0,
                              "Local Written Blocks": 0,
                              "Temp Read Blocks": 9827,
                              "Temp Written Blocks": 9880,
                              "WAL Records": 0,
                              "WAL FPI": 0,
                              "WAL Bytes": 0,
                              "Workers": [
                                {
                                  "Worker Number": 0,
                                  "Actual Startup Time": 426.795,
                                  "Actual Total Time": 472.005,
                                  "Actual Rows": 252042,
                                  "Actual Loops": 1,
                                  "Shared Hit Blocks": 2350,
                                  "Shared Read Blocks": 3527,
                                  "Shared Dirtied Blocks": 0,
                                  "Shared Written Blocks": 0,
                                  "Local Hit Blocks": 0,
                                  "Local Read Blocks": 0,
                                  "Local Dirtied Blocks": 0,
                                  "Local Written Blocks": 0,
                                  "Temp Read Blocks": 3097,
                                  "Temp Written Blocks": 3272,
                                  "WAL Records": 0,
                                  "WAL FPI": 0,
                                  "WAL Bytes": 0
                                },
                                {
                                  "Worker Number": 1,
                                  "Actual Startup Time": 426.659,
                                  "Actual Total Time": 473.957,
                                  "Actual Rows": 241789,
                                  "Actual Loops": 1,
                                  "Shared Hit Blocks": 2371,
                                  "Shared Read Blocks": 3531,
                                  "Shared Dirtied Blocks": 0,
                                  "Shared Written Blocks": 0,
                                  "Local Hit Blocks": 0,
                                  "Local Read Blocks": 0,
                                  "Local Dirtied Blocks": 0,
                                  "Local Written Blocks": 0,
                                  "Temp Read Blocks": 3542,
                                  "Temp Written Blocks": 3284,
                                  "WAL Records": 0,
                                  "WAL FPI": 0,
                                  "WAL Bytes": 0
                                }
                              ],
                              "Plans": [
                                {
                                  "Node Type": "Seq Scan",
                                  "Parent Relationship": "Outer",
                                  "Parallel Aware": true,
                                  "Async Capable": false,
                                  "Relation Name": "track_artists",
                                  "Schema": "public",
                                  "Alias": "ta",
                                  "Startup Cost": 0.00,
                                  "Total Cost": 10231.88,
                                  "Plan Rows": 315488,
                                  "Plan Width": 46,
                                  "Actual Startup Time": 0.082,
                                  "Actual Total Time": 32.769,
                                  "Actual Rows": 252390,
                                  "Actual Loops": 3,
                                  "Output": ["ta.artist_id", "ta.track_id"],
                                  "Shared Hit Blocks": 7075,
                                  "Shared Read Blocks": 2,
                                  "Shared Dirtied Blocks": 0,
                                  "Shared Written Blocks": 0,
                                  "Local Hit Blocks": 0,
                                  "Local Read Blocks": 0,
                                  "Local Dirtied Blocks": 0,
                                  "Local Written Blocks": 0,
                                  "Temp Read Blocks": 0,
                                  "Temp Written Blocks": 0,
                                  "WAL Records": 0,
                                  "WAL FPI": 0,
                                  "WAL Bytes": 0,
                                  "Workers": [
                                    {
                                      "Worker Number": 0,
                                      "Actual Startup Time": 0.088,
                                      "Actual Total Time": 33.431,
                                      "Actual Rows": 250525,
                                      "Actual Loops": 1,
                                      "Shared Hit Blocks": 2340,
                                      "Shared Read Blocks": 2,
                                      "Shared Dirtied Blocks": 0,
                                      "Shared Written Blocks": 0,
                                      "Local Hit Blocks": 0,
                                      "Local Read Blocks": 0,
                                      "Local Dirtied Blocks": 0,
                                      "Local Written Blocks": 0,
                                      "Temp Read Blocks": 0,
                                      "Temp Written Blocks": 0,
                                      "WAL Records": 0,
                                      "WAL FPI": 0,
                                      "WAL Bytes": 0
                                    },
                                    {
                                      "Worker Number": 1,
                                      "Actual Startup Time": 0.084,
                                      "Actual Total Time": 32.293,
                                      "Actual Rows": 252520,
                                      "Actual Loops": 1,
                                      "Shared Hit Blocks": 2360,
                                      "Shared Read Blocks": 0,
                                      "Shared Dirtied Blocks": 0,
                                      "Shared Written Blocks": 0,
                                      "Local Hit Blocks": 0,
                                      "Local Read Blocks": 0,
                                      "Local Dirtied Blocks": 0,
                                      "Local Written Blocks": 0,
                                      "Temp Read Blocks": 0,
                                      "Temp Written Blocks": 0,
                                      "WAL Records": 0,
                                      "WAL FPI": 0,
                                      "WAL Bytes": 0
                                    }
                                  ]
                                },
                                {
                                  "Node Type": "Hash",
                                  "Parent Relationship": "Inner",
                                  "Parallel Aware": true,
                                  "Async Capable": false,
                                  "Startup Cost": 13111.47,
                                  "Total Cost": 13111.47,
                                  "Plan Rows": 244447,
                                  "Plan Width": 39,
                                  "Actual Startup Time": 326.130,
                                  "Actual Total Time": 326.130,
                                  "Actual Rows": 195557,
                                  "Actual Loops": 3,
                                  "Output": ["af.valence", "af.energy", "af.track_id"],
                                  "Hash Buckets": 131072,
                                  "Original Hash Buckets": 131072,
                                  "Hash Batches": 8,
                                  "Original Hash Batches": 8,
                                  "Peak Memory Usage": 6208,
                                  "Shared Hit Blocks": 32,
                                  "Shared Read Blocks": 10635,
                                  "Shared Dirtied Blocks": 0,
                                  "Shared Written Blocks": 0,
                                  "Local Hit Blocks": 0,
                                  "Local Read Blocks": 0,
                                  "Local Dirtied Blocks": 0,
                                  "Local Written Blocks": 0,
                                  "Temp Read Blocks": 0,
                                  "Temp Written Blocks": 3732,
                                  "WAL Records": 0,
                                  "WAL FPI": 0,
                                  "WAL Bytes": 0,
                                  "Workers": [
                                    {
                                      "Worker Number": 0,
                                      "Actual Startup Time": 325.250,
                                      "Actual Total Time": 325.250,
                                      "Actual Rows": 194425,
                                      "Actual Loops": 1,
                                      "Shared Hit Blocks": 10,
                                      "Shared Read Blocks": 3525,
                                      "Shared Dirtied Blocks": 0,
                                      "Shared Written Blocks": 0,
                                      "Local Hit Blocks": 0,
                                      "Local Read Blocks": 0,
                                      "Local Dirtied Blocks": 0,
                                      "Local Written Blocks": 0,
                                      "Temp Read Blocks": 0,
                                      "Temp Written Blocks": 1236,
                                      "WAL Records": 0,
                                      "WAL FPI": 0,
                                      "WAL Bytes": 0
                                    },
                                    {
                                      "Worker Number": 1,
                                      "Actual Startup Time": 325.158,
                                      "Actual Total Time": 325.158,
                                      "Actual Rows": 194810,
                                      "Actual Loops": 1,
                                      "Shared Hit Blocks": 11,
                                      "Shared Read Blocks": 3531,
                                      "Shared Dirtied Blocks": 0,
                                      "Shared Written Blocks": 0,
                                      "Local Hit Blocks": 0,
                                      "Local Read Blocks": 0,
                                      "Local Dirtied Blocks": 0,
                                      "Local Written Blocks": 0,
                                      "Temp Read Blocks": 0,
                                      "Temp Written Blocks": 1236,
                                      "WAL Records": 0,
                                      "WAL FPI": 0,
                                      "WAL Bytes": 0
                                    }
                                  ],
                                  "Plans": [
                                    {
                                      "Node Type": "Seq Scan",
                                      "Parent Relationship": "Outer",
                                      "Parallel Aware": true,
                                      "Async Capable": false,
                                      "Relation Name": "audio_features",
                                      "Schema": "public",
                                      "Alias": "af",
                                      "Startup Cost": 0.00,
                                      "Total Cost": 13111.47,
                                      "Plan Rows": 244447,
                                      "Plan Width": 39,
                                      "Actual Startup Time": 0.112,
                                      "Actual Total Time": 253.348,
                                      "Actual Rows": 195557,
                                      "Actual Loops": 3,
                                      "Output": ["af.valence", "af.energy", "af.track_id"],
                                      "Shared Hit Blocks": 32,
                                      "Shared Read Blocks": 10635,
                                      "Shared Dirtied Blocks": 0,
                                      "Shared Written Blocks": 0,
                                      "Local Hit Blocks": 0,
                                      "Local Read Blocks": 0,
                                      "Local Dirtied Blocks": 0,
                                      "Local Written Blocks": 0,
                                      "Temp Read Blocks": 0,
                                      "Temp Written Blocks": 0,
                                      "WAL Records": 0,
                                      "WAL FPI": 0,
                                      "WAL Bytes": 0,
                                      "Workers": [
                                        {
                                          "Worker Number": 0,
                                          "Actual Startup Time": 0.093,
                                          "Actual Total Time": 252.772,
                                          "Actual Rows": 194425,
                                          "Actual Loops": 1,
                                          "Shared Hit Blocks": 10,
                                          "Shared Read Blocks": 3525,
                                          "Shared Dirtied Blocks": 0,
                                          "Shared Written Blocks": 0,
                                          "Local Hit Blocks": 0,
                                          "Local Read Blocks": 0,
                                          "Local Dirtied Blocks": 0,
                                          "Local Written Blocks": 0,
                                          "Temp Read Blocks": 0,
                                          "Temp Written Blocks": 0,
                                          "WAL Records": 0,
                                          "WAL FPI": 0,
                                          "WAL Bytes": 0
                                        },
                                        {
                                          "Worker Number": 1,
                                          "Actual Startup Time": 0.034,
                                          "Actual Total Time": 252.258,
                                          "Actual Rows": 194810,
                                          "Actual Loops": 1,
                                          "Shared Hit Blocks": 11,
                                          "Shared Read Blocks": 3531,
                                          "Shared Dirtied Blocks": 0,
                                          "Shared Written Blocks": 0,
                                          "Local Hit Blocks": 0,
                                          "Local Read Blocks": 0,
                                          "Local Dirtied Blocks": 0,
                                          "Local Written Blocks": 0,
                                          "Temp Read Blocks": 0,
                                          "Temp Written Blocks": 0,
                                          "WAL Records": 0,
                                          "WAL FPI": 0,
                                          "WAL Bytes": 0
                                        }
                                      ]
                                    }
                                  ]
                                }
                              ]
                            },
                            {
                              "Node Type": "Hash",
                              "Parent Relationship": "Inner",
                              "Parallel Aware": false,
                              "Async Capable": false,
                              "Startup Cost": 1820.42,
                              "Total Cost": 1820.42,
                              "Plan Rows": 98342,
                              "Plan Width": 37,
                              "Actual Startup Time": 22.893,
                              "Actual Total Time": 22.893,
                              "Actual Rows": 98504,
                              "Actual Loops": 3,
                              "Output": ["a.id", "a.name"],
                              "Hash Buckets": 131072,
                              "Original Hash Buckets": 131072,
                              "Hash Batches": 1,
                              "Original Hash Batches": 1,
                              "Peak Memory Usage": 7665,
                              "Shared Hit Blocks": 1635,
                              "Shared Read Blocks": 876,
                              "Shared Dirtied Blocks": 0,
                              "Shared Written Blocks": 0,
                              "Local Hit Blocks": 0,
                              "Local Read Blocks": 0,
                              "Local Dirtied Blocks": 0,
                              "Local Written Blocks": 0,
                              "Temp Read Blocks": 0,
                              "Temp Written Blocks": 0,
                              "WAL Records": 0,
                              "WAL FPI": 0,
                              "WAL Bytes": 0,
                              "Workers": [
                                {
                                  "Worker Number": 0,
                                  "Actual Startup Time": 21.532,
                                  "Actual Total Time": 21.532,
                                  "Actual Rows": 98504,
                                  "Actual Loops": 1,
                                  "Shared Hit Blocks": 798,
                                  "Shared Read Blocks": 39,
                                  "Shared Dirtied Blocks": 0,
                                  "Shared Written Blocks": 0,
                                  "Local Hit Blocks": 0,
                                  "Local Read Blocks": 0,
                                  "Local Dirtied Blocks": 0,
                                  "Local Written Blocks": 0,
                                  "Temp Read Blocks": 0,
                                  "Temp Written Blocks": 0,
                                  "WAL Records": 0,
                                  "WAL FPI": 0,
                                  "WAL Bytes": 0
                                },
                                {
                                  "Worker Number": 1,
                                  "Actual Startup Time": 21.625,
                                  "Actual Total Time": 21.626,
                                  "Actual Rows": 98504,
                                  "Actual Loops": 1,
                                  "Shared Hit Blocks": 837,
                                  "Shared Read Blocks": 0,
                                  "Shared Dirtied Blocks": 0,
                                  "Shared Written Blocks": 0,
                                  "Local Hit Blocks": 0,
                                  "Local Read Blocks": 0,
                                  "Local Dirtied Blocks": 0,
                                  "Local Written Blocks": 0,
                                  "Temp Read Blocks": 0,
                                  "Temp Written Blocks": 0,
                                  "WAL Records": 0,
                                  "WAL FPI": 0,
                                  "WAL Bytes": 0
                                }
                              ],
                              "Plans": [
                                {
                                  "Node Type": "Seq Scan",
                                  "Parent Relationship": "Outer",
                                  "Parallel Aware": false,
                                  "Async Capable": false,
                                  "Relation Name": "artists",
                                  "Schema": "public",
                                  "Alias": "a",
                                  "Startup Cost": 0.00,
                                  "Total Cost": 1820.42,
                                  "Plan Rows": 98342,
                                  "Plan Width": 37,
                                  "Actual Startup Time": 0.150,
                                  "Actual Total Time": 7.753,
                                  "Actual Rows": 98504,
                                  "Actual Loops": 3,
                                  "Output": ["a.id", "a.name"],
                                  "Shared Hit Blocks": 1635,
                                  "Shared Read Blocks": 876,
                                  "Shared Dirtied Blocks": 0,
                                  "Shared Written Blocks": 0,
                                  "Local Hit Blocks": 0,
                                  "Local Read Blocks": 0,
                                  "Local Dirtied Blocks": 0,
                                  "Local Written Blocks": 0,
                                  "Temp Read Blocks": 0,
                                  "Temp Written Blocks": 0,
                                  "WAL Records": 0,
                                  "WAL FPI": 0,
                                  "WAL Bytes": 0,
                                  "Workers": [
                                    {
                                      "Worker Number": 0,
                                      "Actual Startup Time": 0.128,
                                      "Actual Total Time": 6.080,
                                      "Actual Rows": 98504,
                                      "Actual Loops": 1,
                                      "Shared Hit Blocks": 798,
                                      "Shared Read Blocks": 39,
                                      "Shared Dirtied Blocks": 0,
                                      "Shared Written Blocks": 0,
                                      "Local Hit Blocks": 0,
                                      "Local Read Blocks": 0,
                                      "Local Dirtied Blocks": 0,
                                      "Local Written Blocks": 0,
                                      "Temp Read Blocks": 0,
                                      "Temp Written Blocks": 0,
                                      "WAL Records": 0,
                                      "WAL FPI": 0,
                                      "WAL Bytes": 0
                                    },
                                    {
                                      "Worker Number": 1,
                                      "Actual Startup Time": 0.133,
                                      "Actual Total Time": 6.442,
                                      "Actual Rows": 98504,
                                      "Actual Loops": 1,
                                      "Shared Hit Blocks": 837,
                                      "Shared Read Blocks": 0,
                                      "Shared Dirtied Blocks": 0,
                                      "Shared Written Blocks": 0,
                                      "Local Hit Blocks": 0,
                                      "Local Read Blocks": 0,
                                      "Local Dirtied Blocks": 0,
                                      "Local Written Blocks": 0,
                                      "Temp Read Blocks": 0,
                                      "Temp Written Blocks": 0,
                                      "WAL Records": 0,
                                      "WAL FPI": 0,
                                      "WAL Bytes": 0
                                    }
                                  ]
                                }
                              ]
                            }
                          ]
                        }
                      ]
                    }
                  ]
                }
              ]
            }
          ]
        }
      ]
    },
    "Planning": {
      "Shared Hit Blocks": 168,
      "Shared Read Blocks": 19,
      "Shared Dirtied Blocks": 0,
      "Shared Written Blocks": 0,
      "Local Hit Blocks": 0,
      "Local Read Blocks": 0,
      "Local Dirtied Blocks": 0,
      "Local Written Blocks": 0,
      "Temp Read Blocks": 0,
      "Temp Written Blocks": 0
    },
    "Planning Time": 7.287,
    "Triggers": [
    ],
    "Execution Time": 782.406
  }
]