[
  {
    "Plan": {
      "Node Type": "Subquery Scan",
      "Parallel Aware": false,
      "Async Capable": false,
      "Alias": "ranked",
      "Startup Cost": 90527.34,
      "Total Cost": 108127.50,
      "Plan Rows": 586672,
      "Plan Width": 53,
      "Actual Startup Time": 368.711,
      "Actual Total Time": 428.896,
      "Actual Rows": 61,
      "Actual Loops": 1,
      "Output": ["ranked.id", "ranked.name", "ranked.popularity", "ranked.decade"],
      "Shared Hit Blocks": 7762,
      "Shared Read Blocks": 637,
      "Shared Dirtied Blocks": 0,
      "Shared Written Blocks": 0,
      "Local Hit Blocks": 0,
      "Local Read Blocks": 0,
      "Local Dirtied Blocks": 0,
      "Local Written Blocks": 0,
      "Temp Read Blocks": 9256,
      "Temp Written Blocks": 9273,
      "WAL Records": 0,
      "WAL FPI": 0,
      "WAL Bytes": 0,
      "Plans": [
        {
          "Node Type": "WindowAgg",
          "Parent Relationship": "Subquery",
          "Parallel Aware": false,
          "Async Capable": false,
          "Startup Cost": 90527.34,
          "Total Cost": 102260.78,
          "Plan Rows": 586672,
          "Plan Width": 138,
          "Actual Startup Time": 368.710,
          "Actual Total Time": 428.892,
          "Actual Rows": 61,
          "Actual Loops": 1,
          "Output": ["tracks.id", "tracks.name", "tracks.popularity", "NULL::boolean", "NULL::integer", "NULL::date", "NULL::integer", "tracks.decade", "NULL::text", "NULL::text", "row_number() OVER (?)"],
          "Run Condition": "(row_number() OVER (?) <= 5)",
          "Shared Hit Blocks": 7762,
          "Shared Read Blocks": 637,
          "Shared Dirtied Blocks": 0,
          "Shared Written Blocks": 0,
          "Local Hit Blocks": 0,
          "Local Read Blocks": 0,
          "Local Dirtied Blocks": 0,
          "Local Written Blocks": 0,
          "Temp Read Blocks": 9256,
          "Temp Written Blocks": 9273,
          "WAL Records": 0,
          "WAL FPI": 0,
          "WAL Bytes": 0,
          "Plans": [
            {
              "Node Type": "Sort",
              "Parent Relationship": "Outer",
              "Parallel Aware": false,
              "Async Capable": false,
              "Startup Cost": 90527.34,
              "Total Cost": 91994.02,
              "Plan Rows": 586672,
              "Plan Width": 53,
              "Actual Startup Time": 368.700,
              "Actual Total Time": 403.291,
              "Actual Rows": 586672,
              "Actual Loops": 1,
              "Output": ["tracks.popularity", "tracks.decade", "tracks.id", "tracks.name"],
              "Sort Key": ["tracks.decade", "tracks.popularity DESC"],
              "Sort Method": "external merge",
              "Sort Space Used": 37056,
              "Sort Space Type": "Disk",
              "Shared Hit Blocks": 7762,
              "Shared Read Blocks": 637,
              "Shared Dirtied Blocks": 0,
              "Shared Written Blocks": 0,
              "Local Hit Blocks": 0,
              "Local Read Blocks": 0,
              "Local Dirtied Blocks": 0,
              "Local Written Blocks": 0,
              "Temp Read Blocks": 9256,
              "Temp Written Blocks": 9273,
              "WAL Records": 0,
              "WAL FPI": 0,
              "WAL Bytes": 0,
              "Plans": [
                {
                  "Node Type": "Seq Scan",
                  "Parent Relationship": "Outer",
                  "Parallel Aware": false,
                  "Async Capable": false,
                  "Relation Name": "tracks",
                  "Schema": "public",
                  "Alias": "tracks",
                  "Startup Cost": 0.00,
                  "Total Cost": 14262.72,
                  "Plan Rows": 586672,
                  "Plan Width": 53,
                  "Actual Startup Time": 0.021,
                  "Actual Total Time": 118.978,
                  "Actual Rows": 586672,
                  "Actual Loops": 1,
                  "Output": ["tracks.popularity", "tracks.decade", "tracks.id", "tracks.name"],
                  "Shared Hit Blocks": 7759,
                  "Shared Read Blocks": 637,
                  "Shared Dirtied Blocks": 0,
                  "Shared Written Blocks": 0,
                  "Local Hit Blocks": 0,
                  "Local Read Blocks": 0,
                  "Local Dirtied Blocks": 0,
                  "Local Written Blocks": 0,
                  "Temp Read Blocks": 0,
                  "Temp Written Blocks": 0,
                  "WAL Records": 0,
                  "WAL FPI": 0,
                  "WAL Bytes": 0
                }
              ]
            }
          ]
        }
      ]
    },
    "Planning": {
      "Shared Hit Blocks": 26,
      "Shared Read Blocks": 0,
      "Shared Dirtied Blocks": 0,
      "Shared Written Blocks": 0,
      "Local Hit Blocks": 0,
      "Local Read Blocks": 0,
      "Local Dirtied Blocks": 0,
      "Local Written Blocks": 0,
      "Temp Read Blocks": 0,
      "Temp Written Blocks": 0
    },
    "Planning Time": 0.403,
    "Triggers": [
    ],
    "Execution Time": 437.716
  }
]