[
  {
    "Plan": {
      "Node Type": "Sort",
      "Parallel Aware": false,
      "Async Capable": false,
      "Startup Cost": 119634.17,
      "Total Cost": 119696.66,
      "Plan Rows": 24993,
      "Plan Width": 31,
      "Actual Startup Time": 441.773,
      "Actual Total Time": 445.794,
      "Actual Rows": 98504,
      "Actual Loops": 1,
      "Output": ["artist_id", "(count(DISTINCT track_id))"],
      "Sort Key": ["(count(DISTINCT track_artists.track_id)) DESC"],
      "Sort Method": "external merge",
      "Sort Space Used": 4056,
      "Sort Space Type": "Disk",
      "Shared Hit Blocks": 7079,
      "Shared Read Blocks": 1,
      "Shared Dirtied Blocks": 0,
      "Shared Written Blocks": 0,
      "Local Hit Blocks": 0,
      "Local Read Blocks": 0,
      "Local Dirtied Blocks": 0,
      "Local Written Blocks": 0,
      "Temp Read Blocks": 10882,
      "Temp Written Blocks": 10904,
      "WAL Records": 0,
      "WAL FPI": 0,
      "WAL Bytes": 0,
      "Plans": [
        {
          "Node Type": "Aggregate",
          "Strategy": "Sorted",
          "Partial Mode": "Simple",
          "Parent Relationship": "Outer",
          "Parallel Aware": false,
          "Async Capable": false,
          "Startup Cost": 111879.83,
          "Total Cost": 117808.53,
          "Plan Rows": 24993,
          "Plan Width": 31,
          "Actual Startup Time": 259.990,
          "Actual Total Time": 429.146,
          "Actual Rows": 98504,
          "Actual Loops": 1,
          "Output": ["artist_id", "count(DISTINCT track_id)"],
          "Group Key": ["track_artists.artist_id"],
          "Shared Hit Blocks": 7076,
          "Shared Read Blocks": 1,
          "Shared Dirtied Blocks": 0,
          "Shared Written Blocks": 0,
          "Local Hit Blocks": 0,
          "Local Read Blocks": 0,
          "Local Dirtied Blocks": 0,
          "Local Written Blocks": 0,
          "Temp Read Blocks": 10375,
          "Temp Written Blocks": 10395,
          "WAL Records": 0,
          "WAL FPI": 0,
          "WAL Bytes": 0,
          "Plans": [
            {
              "Node Type": "Sort",
              "Parent Relationship": "Outer",
              "Parallel Aware": false,
              "Async Capable": false,
              "Startup Cost": 111879.83,
              "Total Cost": 113772.75,
              "Plan Rows": 757170,
              "Plan Width": 46,
              "Actual Startup Time": 259.976,
              "Actual Total Time": 297.292,
              "Actual Rows": 757170,
              "Actual Loops": 1,
              "Output": ["artist_id", "track_id"],
              "Sort Key": ["track_artists.artist_id"],
              "Sort Method": "external merge",
              "Sort Space Used": 41504,
              "Sort Space Type": "Disk",
              "Shared Hit Blocks": 7076,
              "Shared Read Blocks": 1,
              "Shared Dirtied Blocks": 0,
              "Shared Written Blocks": 0,
              "Local Hit Blocks": 0,
              "Local Read Blocks": 0,
              "Local Dirtied Blocks": 0,
              "Local Written Blocks": 0,
              "Temp Read Blocks": 10375,
              "Temp Written Blocks": 10395,
              "WAL Records": 0,
              "WAL FPI": 0,
              "WAL Bytes": 0,
              "Plans": [
                {
                  "Node Type": "Seq Scan",
                  "Parent Relationship": "Outer",
                  "Parallel Aware": false,
                  "Async Capable": false,
                  "Relation Name": "track_artists",
                  "Schema": "public",
                  "Alias": "track_artists",
                  "Startup Cost": 0.00,
                  "Total Cost": 14648.70,
                  "Plan Rows": 757170,
                  "Plan Width": 46,
                  "Actual Startup Time": 0.019,
                  "Actual Total Time": 39.662,
                  "Actual Rows": 757170,
                  "Actual Loops": 1,
                  "Output": ["artist_id", "track_id"],
                  "Shared Hit Blocks": 7076,
                  "Shared Read Blocks": 1,
                  "Shared Dirtied Blocks": 0,
                  "Shared Written Blocks": 0,
                  "Local Hit Blocks": 0,
                  "Local Read Blocks": 0,
                  "Local Dirtied Blocks": 0,
                  "Local Written Blocks": 0,
                  "Temp Read Blocks": 0,
                  "Temp Written Blocks": 0,
                  "WAL Records": 0,
                  "WAL FPI": 0,
                  "WAL Bytes": 0
                }
              ]
            }
          ]
        }
      ]
    },
    "Planning": {
      "Shared Hit Blocks": 13,
      "Shared Read Blocks": 0,
      "Shared Dirtied Blocks": 0,
      "Shared Written Blocks": 0,
      "Local Hit Blocks": 0,
      "Local Read Blocks": 0,
      "Local Dirtied Blocks": 0,
      "Local Written Blocks": 0,
      "Temp Read Blocks": 0,
      "Temp Written Blocks": 0
    },
    "Planning Time": 0.191,
    "Triggers": [
    ],
    "Execution Time": 460.751
  }
]